:)
PogChamp
Kappa
Kappa
:p
Kappa
Kappa
Kappa
<3
RalpherZ
FailFish
ResidentSleeper
Kappa
OpieOP
Kappa
DBstyle
Kappa
BibleThump
DBstyle
FailFish
Kappa
Kappa
FailFish
Kappa
DBstyle
ResidentSleeper
DBstyle
DBstyle
Kappa
<3
Kappa
:)
Kappa
Kappa
Kappa
Kappa
Kappa
Kappa
DansGame
:(
DansGame
4Head
BibleThump
FailFish
Kappa
4Head
Kappa
OpieOP
Kippa
AsianGlow
FailFish
:(
Kappa
:(
Kappa
BloodTrail
4Head
4Head
<3
BloodTrail
<3
ResidentSleeper
4Head
BrokeBack
<3
4Head
ResidentSleeper
DBstyle
BibleThump
BibleThump
Kreygasm
BibleThump
BibleThump
4Head
double
4Head
double
Kreygasm
Kreygasm
OpieOP
Kreygasm
:P
OpieOP
4Head
Kappa
Kappa
4Head
Kappa
OpieOP
PogChamp
baby
PogChamp
FailFish
Kappa
4Head
FailFish
FailFish
4Head
Kappa
OneHand
OpieOP
NinjaTroll
Kappa
TriHard
TriHard
TriHard
DansGame
4Head
4Head
Kappa
<3
Kappa
Kappa
:(
Kappa
Kappa
Kappa
Kappa
Kappa
Kappa
SwiftRage
Kappa
SwiftRage
Kappa
Kappa
Keepo
Kappa
BibleThump
:(
BrokeBack
KAPOW
Kappa
Kreygasm
Kappa
:)
WinWaker
Kappa
DansGame
Kappa
Keepo
Kreygasm
DansGame
:(
Kappa
:)
DansGame
Kreygasm
Kreygasm
Kappa
DansGame
Kreygasm
triple
Kreygasm
Kappa
PJSalt
4Head
OMGScoots
Kappa
Keepo
TinyFace
Kappa
Kappa
Kreygasm
Kappa
Kappa
Kappa
:P
BibleThump
PogChamp
Kappa
Kappa
Kappa
Kreygasm
Kappa
Kappa
Kappa
:D
Kappa
Kappa
Kappa
Kappa
Kappa
Kreygasm
Volcania
Kappa
Kreygasm
:D
Kreygasm
Kappa
Kappa
Kappa
:D
timBBQQT
:D
SuperVinlin
:D
Kappa
Kappa
Kappa
:o
Kappa
:D
Kappa
Kreygasm
:)
Kappa
Kreygasm
timOh
DatSheffy
timOh
FailFish
Kappa
Kappa
Kappa
timMrBones
timOh
:D
Kreygasm
Kreygasm
Kappa
Kreygasm
Kappa
FailFish
Kappa
Kreygasm
Kappa
BibleThump
timNotfound
DansGame
timNotfound
Kappa
Kreygasm
Kappa
Kappa
Kappa
OpieOP
Kappa
Keepo
:(
Kappa
Kappa
Keepo
Kappa
Kreygasm
BibleThump
BibleThump
Kappa
timBBQQT
Kappa
:D
Kappa
Kappa
Kappa
Kappa
Kappa
Kappa
Kappa
Kappa
:P
Kappa
Kappa
Kappa
Keepo
Kappa
Kappa
Kappa
Kappa
Kreygasm
Kreygasm
Volcania
Kappa
Demon
Kappa
Kappa
Keepo
PogChamp
Kappa
Kappa
Volcania
Kappa
Kreygasm
TriHard
Kappa
Kappa
Kappa
Kappa
Kappa
Kappa
Kappa
Kappa
Kappa
Kappa
Kappa
Kappa
Kappa
Kappa
Kappa
Kappa
Kappa
Kappa
Kappa
Keepo
Keepo
Kappa
KevinTurtle
Kappa
BibleThump
BibleThump
Kappa
Kreygasm
Kreygasm
:(
:)
:D
TriHard
Kappa
Kappa
Kreygasm
Kappa
:D
BibleThump
BibleThump
Kappa
Kappa
Kappa
Kreygasm
Kappa
:D
Kappa
timGuest420
:P
:)
:)
Kappa
:D
:(
Kappa
Kappa
rolyatFlex
:D
Kappa
Kappa
OpieOP
BibleThump
:D
:(
Kappa
Kappa
BibleThump
:(
:o
Kappa
Kreygasm
<3
OpieOP
Kappa
Kappa
Kappa
GingerPower
Kappa
Kappa
Kappa
:D
Kappa
baby
Kappa
Kappa
Kappa
SwiftRage
Kappa
Kappa
Kappa
:D
Kappa
Kappa
Kappa
Kreygasm
:(
Kappa
Kappa
timMrBones
timMrBones
PogChamp
Kappa
:p
BibleThump
:p
:D
Kappa
BibleThump
Kappa
SwiftRage
Kappa
Kappa
DansGame
Kappa
timBBQQT
Kappa
Kappa
Kreygasm
Kappa
Kreygasm
Kreygasm
Kreygasm
Kreygasm
Kappa
Kappa
PogChamp
SwiftRage
ResidentSleeper
SwiftRage
Kappa
Kappa
Kappa
:)
Kappa
Kappa
BrokeBack
Kappa
:)
:D
sodaGive
Kappa
Kappa
FailFish
Kappa
Kappa
Kappa
Kappa
BibleThump
BibleThump
Kappa
Kappa
Kappa
Kappa
Kreygasm
Kappa
Kreygasm
DansGame
SoonerLater
:D
Kappa
DansGame
Kreygasm
Kreygasm
Kappa
Kappa
Kappa
Kappa
DansGame
baby
Kappa
Kappa
Kappa
Kappa
Kreygasm
BibleThump
Kappa
Kappa
Kappa
:P
BloodTrail
timBBQQT
:(
Kappa
Kappa
Kappa
Kappa
Kappa
Kreygasm
timBBQQT
BibleThump
DansGame
Kappa
Kreygasm
Kappa
Kappa
:P
SSS
DansGame
Kreygasm
Kreygasm
BibleThump
B)
Kappa
:)
:(
:(
Kreygasm
:P
Kreygasm
Kappa
Kappa
Kreygasm
Kreygasm
Kappa
BibleThump
OpieOP
Kappa
Kappa
Kappa
TriHard
Kappa
B)
DansGame
Kappa
PogChamp
OpieOP
PogChamp
Kappa
Kappa
Kappa
BibleThump
<3
Kappa
Kappa
:D
Kappa
:D
Kappa
Kappa
Kappa
:(
Kappa
Kappa
Kappa
baby
timGuest420
Kappa
Kappa
Kappa
Kreygasm
Kreygasm
Kappa
Kappa
Kreygasm
Kappa
Kappa
Kappa
Kappa
Kappa
Kappa
:
DansGame
Keepo
:)
Kappa
:P
:D
;)
B)
Kappa
Kreygasm
:D
:P
Kappa
Kappa
Kappa
:D
:D
Kreygasm
:D
PogChamp
Kappa
Kappa
TriHard
Kreygasm
ripChu
OpieOP
OpieOP
elaSaur
PogChamp
OpieOP
Kappa
BibleThump
:(
KappaHD
KevinTurtle
BibleThump
Kappa
:D
Kappa
PogChamp
Keepo
Kreygasm
PogChamp
Kappa
Kreygasm
PogChamp
Kreygasm
ItsBoshyTime
ItsBoshyTime
ItsBoshyTime
Kappa
Kappa
PogChamp
Keepo
SoBayed
Kappa
GG
Kappa
DansGame
WTRuck
RitzMitz
DansGame
BibleThump
Kreygasm
Keepo
Kappa
Kreygasm
Kreygasm
Kreygasm
Kappa
Keepo
BibleThump
BibleThump
Kappa
Kappa
FrankerZ
BibleThump
Kappa
DansGame
Kappa
Kappa
Kappa
PogChamp
Kappa
Kreygasm
Kappa
Keepo
Kappa
BibleThump
Kappa
Kappa
Kappa
PJSalt
timBBQQT
Kappa
Kappa
PJSalt
BibleThump
Kappa
PJSalt
Kappa
timOh
Kappa
Kappa
Kappa
BibleThump
Kappa
PJSalt
OpieOP
Kappa
PJSalt
PogChamp
Keepo
Kappa
Keepo
KZskull
PogChamp
Kreygasm
KZskull
PogChamp
Kappa
KZskull
Kreygasm
Kappa
:)
KZskull
PogChamp
:)
Kreygasm
BibleThump
DansGame
BibleThump
Keepo
BibleThump
Kappa
RuleFive
GrammarKing
GrammarKing
Kappa
Keepo
Kappa
Kippa
Keepo
Kappa
SwiftRage
Keepo
Keepo
Keepo
Kappa
Kappa
Kappa
Kappa
Kappa
KZowl
KZhelghast
KZhelghast
KZcover
KZguerilla
KZassault
KZskull
EleGiggle
PanicVis
BrokeBack
BrokeBack
PipeHype
YouWHY
RitzMitz
UncleNox
GrammarKing
DogFace
DogFace
DogFace
DogFace
DogFace
DogFace
DogFace
DogFace
DogFace
DogFace
DogFace
DogFace
DogFace
DogFace
DogFace
DogFace
DogFace
BatChest
SoBayed
SoBayed
BrainSlug
FailFish
OpieOP
HotPokket
BORT
FPSMarksman
Kreygasm
Kreygasm
Kreygasm
Kreygasm
Kreygasm
Kreygasm
Kreygasm
DogFace
BibleThump
FrankerZ
DogFace
KZskull
Kappa
BibleThump
DogFace
RalpherZ
BibleThump
Kappa
DBstyle
DBstyle
Kappa
WinWaker
Kreygasm
Kappa
BibleThump
Kappa
Kappa
Kappa
PogChamp
PogChamp
PogChamp
Kappa
Kappa
PogChamp
BibleThump
Kappa
BibleThump
Kreygasm
:D
Kappa
BibleThump
Kappa
<3
BibleThump
PogChamp
PogChamp
Kappa
BibleThump
Kappa
Kappa
KZskull
PogChamp
FailFish
Kappa
Kappa
noahMiley
BibleThump
RuleFive
Kappa
Kreygasm
Kappa
Kappa
Kappa
Kappa
Kappa
Keepo
PogChamp
PogChamp
PogChamp
TriHard
BibleThump
Kappa
Kappa
Kappa
PogChamp
Kappa
Kappa
PogChamp
PogChamp
furYAY
PogChamp
PogChamp
:D
OpieOP
SwiftRage
Kreygasm
SwiftRage
Kappa
Kreygasm
Kappa
KZskull
Kappa
Kreygasm
:D
Kappa
:p
:D
PogChamp
DansGame
Kreygasm
Kappa
PogChamp
Kappa
PogChamp
Kappa
GG
Kappa
Kappa
Kreygasm
PJSalt
PogChamp
KZskull
Kappa
Kappa
Kappa
Kappa
KZskull
:D
Kappa
KZskull
PogChamp
Kappa
Kappa
Kappa
Kappa
Kappa
Kreygasm
FailFish
KZskull
FailFish
PogChamp
PogChamp
KZskull
NightBat
PogChamp
DansGame
:)
Kappa
Kappa
NightBat
Kappa
Kappa
NightBat
OpieOP
PogChamp
Kreygasm
Kappa
KZskull
NightBat
Kreygasm
:(
Kappa
:D
<3
Kappa
Kappa
Kappa
:(
GG
:)
NightBat
Kappa
KZskull
BibleThump
Kappa
PogChamp
Kappa
BibleThump
Kappa
Kappa
NightBat
:D
pieSub
cirFairy
cirFairy
Kreygasm
DansGame
NightBat
:)
SwiftRage
Keepo
Kappa
Kappa
Kappa
Kappa
SwiftRage
Kappa
:(
NightBat
Kappa
Kappa
:)
:(
:p
;p
:o
:D
o_o
:
>(
<3
Volcania
DatSheffy
DAESuppy
JKanStyle
OptimizePrime
StoneLightning
CougarHunt
EagleEye
TriHard
WinWaker
PazPazowitz
TheRinger
RedCoat
Kappa
JonCarnage
PicoMause
MrDestructoid
BCWarrior
SuperVinlin
DansGame
SwiftRage
PJSalt
StrawBeary
BlargNaut
NinjaTroll
NoNoSpot
FPSMarksman
Kreygasm
KevinTurtle
FreakinStinkin
SSSsss
PunchTrees
TehFunrun
UleetBackup
ArsonNoSexy
SMSkull
FrankerZ
Kappa
Kappa
Kappa
Kappa
:(
Kreygasm
PogChamp
PogChamp
PogChamp
PogChamp
Kappa
<3
PogChamp
PogChamp
PogChamp
Kappa
PogChamp
Volcania
DatSheffy
DAESuppy
JKanStyle
OptimizePrime
StoneLightning
TheRinger
PazPazowitz
WinWaker
TriHard
EagleEye
CougarHunt
RedCoat
Kappa
JonCarnage
PicoMause
MrDestructoid
BCWarrior
SuperVinlin
DansGame
SwiftRage
PJSalt
StrawBeary
BlargNaut
FreakinStinkin
KevinTurtle
Kreygasm
FPSMarksman
NoNoSpot
NinjaTroll
SSSsss
PunchTrees
TehFunrun
UleetBackup
ArsonNoSexy
SMSkull
SMOrc
MVGame
FuzzyOtterOO
GingerPower
BionicBunion
Kappa
DansGame
Kappa
NightBat
:D
PogChamp
Kreygasm
danHype
NightBat
GG
Kappa
Kappa
Kappa
ResidentSleeper
DansGame
Kappa
NightBat
Kappa
PogChamp
:(
SwiftRage
BibleThump
Kappa
Kreygasm
:D
furYAY
NightBat
furOHAI
SwiftRage
PogChamp
Kappa
OpieOP
furOHAI
:(
PogChamp
furOHAI
furOHAI
PogChamp
Kappa
Kreygasm
Kappa
NightBat
Kreygasm
SwiftRage
Kappa
Kappa
PogChamp
Kreygasm
Kappa
PogChamp
Kappa
Kappa
NightBat
Kappa
Kappa
NightBat
SwiftRage
PogChamp
Kappa
Kreygasm
PogChamp
Kappa
Kreygasm
GG
PogChamp
PogChamp
PogChamp
MVGame
FailFish
PogChamp
NightBat
DansGame
PogChamp
BibleThump
Kappa
Kappa
Kreygasm
Kappa
FailFish
FailFish
SwiftRage
NightBat
DansGame
Kappa
PogChamp
Kappa
PogChamp
Kappa
Kappa
BibleThump
Kappa
BibleThump
:D
Kappa
Kreygasm
DansGame
Kappa
NightBat
Kappa
OpieOP
furOHAI
Kappa
BibleThump
furSpartan
furObjection
PogChamp
furOHAI
furSpartan
furKupo
furSpartan
timMrBones
timBBQQT
Kappa
furOHAI
furSpartan
timMrBones
timGuest420
Kreygasm
Kappa
timNotfound
Kappa
timOh
:D
PogChamp
timBBQQT
Kappa
PogChamp
Kappa
PogChamp
NightBat
Kappa
Kappa
Kappa
Kappa
Kappa
Kappa
FailFish
Kappa
:(
BibleThump
:(
Kappa
FailFish
Kappa
BibleThump
BibleThump
BibleThump
Kappa
BibleThump
BibleThump
BibleThump
BibleThump
BibleThump
:(
BibleThump
KZskull
BibleThump
BibleThump
danSad
BibleThump
BibleThump
BibleThump
cirPls
BibleThump
:D
:(
Kappa
Kreygasm
Kappa
KZskull
Kappa
NightBat
Kappa
Kappa
Kappa
PogChamp
KZskull
timGuest420
Keepo
FrankerZ
DansGame
Kappa
Kappa
:D
Kreygasm
NightBat
DansGame
Kappa
Kappa
Kappa
NightBat
BibleThump
Kappa
BibleThump
PogChamp
KZskull
Kappa
Kappa
Kappa
KZskull
NightBat
Keepo
PogChamp
:D
Kappa
Kappa
NightBat
PogChamp
NightBat
KZskull
Kappa
Kappa
Kappa
NightBat
Keepo
:D
Kreygasm
NightBat
Kappa
BloodTrail
Keepo
Keepo
Keepo
Keepo
Keepo
Keepo
Keepo
Keepo
Keepo
Keepo
Keepo
BibleThump
4Head
timGuest420
Kappa
Kappa
Kappa
:)
Kappa
Kappa
PJSalt
PJSalt
PogChamp
PJSalt
DansGame
furYAY
:D
NightBat
furSpartan
furSpartan
NightBat
B)
furSpartan
furKupo
furSpartan
:D
Kappa
Kappa
Keepo
NightBat
DansGame
:o
Keepo
BibleThump
Kappa
NightBat
Kappa
furYAY
NightBat
PogChamp
fragUp
RitzMitz
PogChamp
NightBat
Kreygasm
PogChamp
Kreygasm
PogChamp
Kreygasm
Kreygasm
Kappa
Kappa
NightBat
NightBat
Kreygasm
PogChamp
SwiftRage
SwiftRage
:)
NightBat
Keepo
KZskull
Kreygasm
Kappa
NightBat
Kappa
Kappa
Kappa
BibleThump
Kappa
Keepo
KZskull
Kappa
Kappa
NightBat
PogChamp
NightBat
NightBat
NightBat
KZskull
Kreygasm
:D
:D
BibleThump
Kappa
NightBat
KZskull
Keepo
PogChamp
Kreygasm
Kreygasm
:(
KZskull
Kappa
Kreygasm
NightBat
Kappa
Kreygasm
Kappa
timDinero
Kappa
Kreygasm
OMGScoots
KZskull
NightBat
Kappa
NightBat
Kappa
PogChamp
Keepo
Keepo
Kappa
Kappa
Kreygasm
Kappa
:P
MVGame
MVGame
NightBat
Kappa
MVGame
PogChamp
SwiftRage
NightBat
MVGame
MVGame
:D
MVGame
timMrBones
DansGame
MVGame
Kappa
MVGame
MVGame
MVGame
timMrBones
MVGame
NightBat
Keepo
timNotfound
timNotfound
MVGame
Keepo
MVGame
MVGame
NightBat
MVGame
Kappa
MVGame
BibleThump
MVGame
MVGame
NightBat
Kappa
Kreygasm
MVGame
:D
Kreygasm
Kappa
Kappa
timBBQQT
BibleThump
Kreygasm
NightBat
Keepo
BibleThump
Kappa
:D
Kappa
TriHard
NightBat
Kappa
Kappa
:)
Keepo
SwiftRage
Keepo
Kappa
NightBat
KappaHD
Keepo
Keepo
Kappa
Keepo
Keepo
Keepo
timBBQQT
NightBat
DansGame
Kappa
Kreygasm
Kappa
:(
NightBat
PogChamp
PogChamp
KZskull
Keepo
PERFECT
Kreygasm
Kreygasm
NightBat
Kreygasm
KZskull
Kreygasm
Keepo
Kreygasm
NightBat
Kreygasm
Kappa
NightBat
Kreygasm
KZskull
Kreygasm
Kreygasm
DansGame
Keepo
:D
DansGame
Kappa
Kreygasm
:D
Kappa
Kreygasm
NightBat
Kappa
Kappa
Kappa
NightBat
Kappa
PogChamp
NightBat
PogChamp
PogChamp
KZskull
NightBat
PogChamp
OpieOP
Kappa
NightBat
Keepo
Kappa
Kappa
NightBat
Kappa
Kreygasm
Kappa
Kappa
Kreygasm
Kappa
NightBat
Kappa
KZskull
:D
Kreygasm
PogChamp
NightBat
PogChamp
PogChamp
Kreygasm
KZskull
timBBQQT
PogChamp
Kappa
KappaHD
PogChamp
PogChamp
Kreygasm
Kappa
Kappa
lucahTim
NightBat
Keepo
Keepo
NightBat
NightBat
PogChamp
Kappa
Kappa
Keepo
Kappa
Kappa
Kappa
timGuest420
Kappa
Kappa
Kappa
NightBat
Keepo
Kappa
Kappa
:(
Kappa
SMOrc
Kappa
Kappa
<3
Kappa
Kappa
BibleThump
NightBat
SwiftRage
SwiftRage
Kappa
BibleThump
Keepo
NightBat
BibleThump
Kappa
Keepo
NightBat
PogChamp
Kappa
Kappa
NightBat
Keepo
TriHard
NightBat
:D
PogChamp
NightBat
Kappa
Kappa
Kappa
Kappa
BibleThump
Kappa
Kappa
Kappa
Kappa
Kappa
Kappa
NightBat
:o
Kappa
Keepo
Kappa
Kappa
Kappa
Kappa
Kappa
Kappa
Kappa
PogChamp
Kreygasm
NightBat
Kreygasm
Kreygasm
Kappa
Kreygasm
Kreygasm
NightBat
AtWW
NightBat
NightBat
EleGiggle
:D
DBstyle
4Head
Kreygasm
NightBat
PogChamp
Kreygasm
KZskull
NightBat
Kappa
NightBat
NightBat
Kappa
BibleThump
KZskull
furYAY
NightBat
Kreygasm
NightBat
NightBat
Kappa
PogChamp
KappaHD
Kappa
NightBat
Kappa
Kreygasm
:D
NightBat
PogChamp
Kappa
Kappa
Kappa
Kappa
NightBat
PogChamp
OpieOP
Kappa
Kappa
NightBat
Kappa
NightBat
Keepo
TriHard
NightBat
Keepo
Kappa
furFacepaw
Kappa
TriHard
NightBat
Kappa
NightBat
SwiftRage
NightBat
PogChamp
NightBat
EleGiggle
OpieOP
NightBat
NightBat
Kappa
furYAY
<3
NightBat
PogChamp
Kappa
Kreygasm
Kappa
PogChamp
<3
Kappa
NightBat
Kappa
Kappa
NightBat
Kappa
timGuest420
Keepo
BibleThump
Kappa
Kappa
PogChamp
PogChamp
DansGame
BibleThump
EleGiggle
Kreygasm
DansGame
Kappa
lirikF
Keepo
:D
Kappa
facepalm
FailFish
FailFish
FailFish
Keepo
PogChamp
:D
Keepo
Kappa
BloodTrail
Kappa
ResidentSleeper
Kappa
:D
Kreygasm
DBstyle
Kreygasm
Kreygasm
Kreygasm
Kreygasm
PogChamp
PogChamp
NightBat
Kreygasm
KZskull
DansGame
timMrBones
Keepo
PogChamp
NightBat
Kappa
BibleThump
BibleThump
Kappa
BibleThump
BibleThump
ResidentSleeper
NightBat
Keepo
NightBat
Kappa
Kappa
Kappa
NightBat
Keepo
NightBat
Keepo
PogChamp
Keepo
NightBat
Kappa
Keepo
Kappa
NightBat
Kappa
MrDestructoid
PogChamp
:(
MrDestructoid
MrDestructoid
Kappa
cirThree
Kappa
DansGame
cirThree
Kappa
:(
BibleThump
Kreygasm
PogChamp
timBBQQT
Kappa
NightBat
NightBat
NightBat
NightBat
BibleThump
Kappa
Keepo
NightBat
:D
Kippa
NightBat
Kappa
NightBat
BibleThump
;p
NightBat
Kappa
Kappa
NightBat
Kreygasm
US!
NightBat
PogChamp
NightBat
Kappa
Kreygasm
Keepo
NightBat
NightBat
Kappa
OpieOP
NightBat
SwiftRage
Kappa
OpieOP
FrankerZ
BibleThump
PogChamp
NightBat
timOh
PogChamp
NightBat
FrankerZ
FrankerZ
EleGiggle
Kreygasm
BibleThump
PogChamp
<3
TriHard
NightBat
PogChamp
SwiftRage
KZskull
Kreygasm
PogChamp
BibleThump
NightBat
PogChamp
Kappa
PogChamp
NightBat
PogChamp
NightBat
NightBat
Kappa
Kreygasm
Keepo
:(
NightBat
KappaHD
BibleThump
SwiftRage
Kappa
BibleThump
NightBat
BibleThump
;)
Kreygasm
BibleThump
Kappa
Keepo
BibleThump
NightBat
Kappa
PogChamp
PogChamp
NightBat
PogChamp
BibleThump
PogChamp
Keepo
Kreygasm
PogChamp
NightBat
PogChamp
PogChamp
Kappa
KZskull
Kappa
MrDestructoid
PogChamp
PogChamp
cirPls
NightBat
NightBat
cirRage
OpieOP
OpieOP
NightBat
Kreygasm
cirRage
:D
BibleThump
PogChamp
KZskull
NightBat
Kappa
FailFish
KappaHD
SwiftRage
BibleThump
Kreygasm
BibleThump
NightBat
Kappa
DansGame
:)
NightBat
BibleThump
:(
SwiftRage
NightBat
Kappa
PogChamp
BibleThump
KZskull
Kreygasm
Kappa
NightBat
Kappa
timMrBones
:(
Kappa
SwiftRage
Kappa
:P
NightBat
PogChamp
Keepo
BibleThump
PogChamp
PogChamp
:(
MrDestructoid
PogChamp
Kappa
Kappa
Kappa
MrDestructoid
NightBat
Kappa
Kreygasm
Kappa
NightBat
Kappa
Keepo
Kappa
NightBat
Kappa
:o
NightBat
PogChamp
NightBat
Kreygasm
Kappa
MrDestructoid
NightBat
Kappa
DansGame
Kappa
:P
KappaHD
NightBat
PogChamp
PogChamp
NightBat
NightBat
MrDestructoid
Kappa
MrDestructoid
NightBat
Kreygasm
Kappa
Kreygasm
Kappa
MrDestructoid
KZskull
MrDestructoid
NightBat
MrDestructoid
Keepo
NightBat
PogChamp
MrDestructoid
Kappa
Kreygasm
PogChamp
NightBat
Kappa
Keepo
NightBat
PogChamp
PogChamp
PogChamp
SwiftRage
Kreygasm
:(
Kappa
Kappa
Kappa
Kappa
Kreygasm
Kreygasm
Kreygasm
NightBat
Kappa
Kappa
Kappa
Kappa
KZskull
Kappa
NightBat
Kappa
Kappa
NightBat
Kappa
Kappa
Kreygasm
Kreygasm
MrDestructoid
BibleThump
furObjection
Kreygasm
MrDestructoid
BibleThump
NightBat
Kreygasm
Kreygasm
BibleThump
BibleThump
NightBat
SwiftRage
MrDestructoid
BibleThump
Kappa
BibleThump
Kappa
NightBat
SwiftRage
Kappa
SwiftRage
Kappa
MrDestructoid
Keepo
BibleThump
SwiftRage
SwiftRage
Kappa
PogChamp
NightBat
SwiftRage
PogChamp
NightBat
SwiftRage
:)
TriHard
:D
Kappa
Kappa
NightBat
BibleThump
PogChamp
Kappa
BibleThump
NightBat
SwiftRage
SwiftRage
NightBat
Kappa
Kappa
Kappa
Kappa
BibleThump
Kappa
Kappa
Kappa
Kappa
Keepo
NightBat
DansGame
Kappa
DBstyle
Kappa
NightBat
PogChamp
PogChamp
DBstyle
Kreygasm
PogChamp
PogChamp
DBstyle
PogChamp
DBstyle
DBstyle
PogChamp
NightBat
DBstyle
BibleThump
DBstyle
NightBat
Kappa
DBstyle
Kappa
Kappa
RitzMitz
DBstyle
DBstyle
Kappa
Kreygasm
DBstyle
DBstyle
NightBat
Kappa
Kappa
DBstyle
Kreygasm
DBstyle
BibleThump
NightBat
Kappa
Kappa
Kappa
4Head
Kappa
Kappa
4Head
Kappa
4Head
MrDestructoid
NightBat
Kappa
4Head
Kappa
Kappa
4Head
Keepo
Kappa
Kappa
Kappa
Kappa
Kappa
Kappa
Kappa
Kappa
Kappa
4Head
Keepo
4Head
Kappa
Kappa
Keepo
Kappa
Kappa
Kappa
Kappa
Kreygasm
NightBat
Kappa
Kappa
Kappa
4Head
Keepo
Kappa
Keepo
Keepo
Kappa
Kappa
Kappa
Kappa
NightBat
Kappa
Kappa
PogChamp
MrDestructoid
Kreygasm
Keepo
NightBat
PogChamp
Kappa
DBstyle
Kappa
BibleThump
KZskull
Kappa
baby
BibleThump
Kreygasm
DansGame
Kappa
Kappa
Kappa
Kreygasm
NightBat
Kappa
Kreygasm
Kappa
DBstyle
Kappa
DBstyle
Kreygasm
Kappa
Kappa
Kappa
Kreygasm
NightBat
Kreygasm
DBstyle
Kreygasm
Kreygasm
TriHard
Kappa
SwiftRage
MrDestructoid
KZskull
DansGame
Keepo
Kreygasm
Kreygasm
Kreygasm
Kreygasm
Kreygasm
Kreygasm
Kreygasm
FrankerZ
Kreygasm
MrDestructoid
Kreygasm
Kappa
Kreygasm
DBstyle
NightBat
Keepo
Kreygasm
KZskull
Kreygasm
:(
DBstyle
DansGame
4Head
DBstyle
MrDestructoid
PogChamp
Kappa
DatSheffy
FUNgineer
PogChamp
Kappa
Kappa
PogChamp
MrDestructoid
Kappa
Keepo
:D
PogChamp
Kreygasm
Kreygasm
PogChamp
:)
lucahTim
Kappa
Kreygasm
DBstyle
:D
Kappa
Kappa
MrDestructoid
Kreygasm
KZskull
Kreygasm
:)
OpieOP
Kappa
PogChamp
Kreygasm
NightBat
Kreygasm
Kappa
NightBat
Kappa
SwiftRage
SwiftRage
Kappa
FailFish
Kappa
EleGiggle
PogChamp
BibleThump
PogChamp
PogChamp
MrDestructoid
OpieOP
DansGame
PogChamp
Kreygasm
PogChamp
Kappa
KZskull
Kreygasm
4Head
4Head
PogChamp
Kreygasm
NightBat
PogChamp
PogChamp
NightBat
PogChamp
4Head
Kappa
:)
4Head
<3
Kappa
4Head
Kappa
4Head
<3
NightBat
Kappa
Kappa
Kreygasm
Kappa
Kappa
Kappa
OpieOP
Kappa
Kappa
PogChamp
Kappa
Kreygasm
Kreygasm
OpieOP
Kappa
PogChamp
:P
DBstyle
PogChamp
MrDestructoid
Keepo
PogChamp
PogChamp
<3
DatSheffy
OpieOP
Kappa
Kreygasm
Kreygasm
PogChamp
Kreygasm
Kreygasm
Kreygasm
Kreygasm
Kreygasm
Kreygasm
:D
Kreygasm
PogChamp
Kreygasm
Kreygasm
4Head
PogChamp
Kreygasm
Kappa
Kreygasm
Kreygasm
4Head
PogChamp
PogChamp
Kreygasm
FrankerZ
DansGame
Kreygasm
PogChamp
4Head
NightBat
Kappa
Kreygasm
Kreygasm
Kreygasm
NightBat
Kreygasm
Kreygasm
PogChamp
DansGame
Kreygasm
KevinTurtle
<3
Kreygasm
SMOrc
Kreygasm
BibleThump
Kreygasm
PogChamp
KevinTurtle
NightBat
Keepo
Keepo
SMOrc
Kreygasm
KevinTurtle
Poooound
Kappa
Kappa
Keepo
EleGiggle
BibleThump
EleGiggle
EleGiggle
4Head
Kappa
SoonerLater
NightBat
Kappa
FailFish
PogChamp
<3
MrDestructoid
OptimizePrime
KZskull
PogChamp
OpieOP
DatSheffy
CougarHunt
4Head
Kappa
Kreygasm
DansGame
EleGiggle
:o
Kappa
4Head
4Head
PogChamp
EleGiggle
MrDestructoid
Kreygasm
EleGiggle
Kreygasm
Kappa
RedCoat
NightBat
SwiftRage
Kappa
DansGame
4Head
KAPOW
Kappa
Kreygasm
Kappa
PogChamp
DansGame
DansGame
4Head
NightBat
SwiftRage
GG
FailFish
DansGame
Kreygasm
NightBat
PogChamp
PogChamp
MrDestructoid
SoonerLater
PogChamp
SwiftRage
TooSpicy
OMGScoots
Kappa
TooSpicy
Kappa
Kreygasm
NightBat
SwiftRage
Kappa
Kappa
PogChamp
SwiftRage
NightBat
Kappa
MrDestructoid
4Head
PanicVis
Kappa
KZskull
EleGiggle
KZassault
KZguerilla
KZcover
KZhelghast
KZowl
MechaSupes
PogChamp
DansGame
BrokeBack
Kappa
Kappa
NightBat
Kappa
BloodTrail
Kreygasm
DansGame
DansGame
Kappa
PogChamp
NightBat
TriHard
:(
DBstyle
NinjaTroll
DBstyle
DBstyle
Kappa
KZowl
:P
MrDestructoid
PazPazowitz
EleGiggle
DBstyle
DBstyle
NightBat
BibleThump
DBstyle
baby
DBstyle
DBstyle
PogChamp
EleGiggle
Shazam
BloodTrail
MrDestructoid
DBstyle
DBstyle
OpieOP
CougarHunt
MrDestructoid
Kappa
DBstyle
DBstyle
DBstyle
MrDestructoid
FrankerZ
DansGame
DBstyle
MVGame
Kreygasm
DBstyle
<3
<3
<3
DBstyle
Kreygasm
DBstyle
MechaSupes
Kreygasm
PogChamp
DBstyle
NightBat
Kappa
PogChamp
PogChamp
PogChamp
PogChamp
PogChamp
PogChamp
PogChamp
PogChamp
MrDestructoid
DBstyle
EagleEye
DBstyle
PogChamp
MrDestructoid
DBstyle
baby
Kappa
:)
Kappa
BloodTrail
KZskull
NightBat
BibleThump
FailFish
WinWaker
Kappa
EleGiggle
MrDestructoid
DBstyle
BibleThump
FailFish
FailFish
FailFish
BloodTrail
DBstyle
RedCoat
Kappa
timMrBones
EleGiggle
Kappa
Kappa
PogChamp
Kappa
Kappa
FrankerZ
Kappa
Kappa
Kappa
Kappa
Kappa
RitzMitz
Kappa
4Head
MrDestructoid
BibleThump
KappaHD
PogChamp
4Head
MrDestructoid
KevinTurtle
FailFish
TriHard
TriHard
TriHard
TriHard
TriHard
TriHard
TriHard
TriHard
TriHard
4Head
:D
OpieOP
Kappa
Kappa
MrDestructoid
FailFish
4Head
PogChamp
Kappa
DansGame
Kappa
Kappa
PogChamp
PogChamp
DansGame
PogChamp
PogChamp
MechaSupes
Kappa
PogChamp
BatChest
PogChamp
FailFish
BionicBunion
:(
FrankerZ
UnSane
:(
Kappa
Kreygasm
Shazam
Kappa
Kappa
ResidentSleeper
Kreygasm
OpieOP
shazamicon
Keepo
timGuest420
Kreygasm
PogChamp
SwiftRage
Kreygasm
PogChamp
Kreygasm
Keepo
PogChamp
PogChamp
Kreygasm
PogChamp
PogChamp
DBstyle
TriHard
TriHard
Kreygasm
MechaSupes
TriHard
TriHard
OpieOP
StoneLightning
timMrBones
EleGiggle
TriHard
OpieOP
EleGiggle
Kappa
FUNgineer
:D
OpieOP
Kappa
PogChamp
BibleThump
Kappa
Kappa
Volcania
Kreygasm
Kreygasm
4Head
PogChamp
Kappa
Kreygasm
Kappa
Kappa
PogChamp
Kappa
FrankerZ
shazamicon
Kappa
Kappa
Kappa
:(
PogChamp
Kappa
:(
Kappa
FrankerZ
shazamicon
Keepo
MVGame
Kappa
PogChamp
NightBat
PogChamp
Kreygasm
FrankerZ
Kappa
:(
TriHard
BrainSlug
MrDestructoid
DansGame
:(
MrDestructoid
MechaSupes
FailFish
Kappa
MrDestructoid
Kappa
PogChamp
PogChamp
:(
MrDestructoid
timGuest420
TriHard
PogChamp
FailFish
Kreygasm
PogChamp
4Head
KZskull
Kreygasm
TriHard
NightBat
Kappa
PanicVis
:P
PogChamp
EleGiggle
PJSalt
PogChamp
FrankerZ
Kappa
PogChamp
ResidentSleeper
RalpherZ
Kappa
TooSpicy
RitzMitz
Kippa
Kappa
MrDestructoid
BibleThump
PogChamp
RedCoat
FrankerZ
shazamicon
shazamicon
MrDestructoid
BibleThump
PogChamp
DansGame
DansGame
DansGame
DansGame
DansGame
DansGame
FreakinStinkin
MechaSupes
Kreygasm
:(
PogChamp
EleGiggle
Kappa
MrDestructoid
BibleThump
Kappa
Kappa
Kreygasm
BORT
Kappa
Kappa
Kappa
MrDestructoid
BibleThump
MechaSupes
Keepo
TriHard
BORT
Kreygasm
Kappa
BORT
Kappa
Kappa
Kappa
Kappa
Kappa
Kappa
Kappa
Kappa
BibleThump
FreakinStinkin
Kappa
Kappa
Kappa
FailFish
TriHard
Kappa
MrDestructoid
BibleThump
Kappa
TriHard
PogChamp
Kappa
KZskull
MechaSupes
PogChamp
BibleThump
Kappa
Kreygasm
4Head
Kappa
UnSane
Kappa
Kappa
MrDestructoid
4Head
FailFish
Kappa
RitzMitz
BCWarrior
KZskull
Kappa
Volcania
PogChamp
PogChamp
PJHarley
Kappa
OMGScoots
Kappa
BionicBunion
OpieOP
FailFish
FPSMarksman
TooSpicy
:(
noScope420
:D
KZskull
Kreygasm
WTRuck
SwiftRage
PogChamp
PMSTwin
TooSpicy
MrDestructoid
BibleThump
EagleEye
SwiftRage
SwiftRage
EleGiggle
BibleThump
PogChamp
Kreygasm
Kreygasm
Kreygasm
MrDestructoid
SSSsss
SwiftRage
KZskull
Kreygasm
BloodTrail
Volcania
Volcania
Volcania
Volcania
Volcania
Volcania
Volcania
Kreygasm
Kreygasm
BibleThump
PogChamp
Kreygasm
PogChamp
PogChamp
Volcania
Volcania
Volcania
Volcania
Volcania
PogChamp
BloodTrail
Volcania
Volcania
Volcania
Volcania
Volcania
Volcania
Volcania
Volcania
Volcania
Volcania
Volcania
Volcania
JonCarnage
PogChamp
Kappa
Volcania
4Head
KZskull
EleGiggle
Kappa
Volcania
SMOrc
DatSheffy
Volcania
Volcania
Kreygasm
Kappa
Volcania
Volcania
Volcania
OneHand
BigBrother
OneHand
BibleThump
ArsonNoSexy
Volcania
Volcania
TriHard
Volcania
:)
OneHand
BigBrother
SwiftRage
Kappa
OneHand
MrDestructoid
Keepo
timDinero
BigBrother
4Head
Volcania
4Head
BigBrother
4Head
MrDestructoid
Keepo
Kreygasm
Kreygasm
TooSpicy
DBstyle
BigBrother
DatSheffy
4Head
Kreygasm
BibleThump
Volcania
MrDestructoid
4Head
Kreygasm
Kappa
KZskull
Volcania
Volcania
MrDestructoid
PogChamp
Kappa
OneHand
SMOrc
Volcania
Keepo
Kappa
NightBat
Kreygasm
:)
Keepo
Keepo
MrDestructoid
BibleThump
BigBrother
MrDestructoid
HotPokket
MrDestructoid
BibleThump
PogChamp
AtIvy
OpieOP
Kappa
MrDestructoid
BibleThump
<3
<3
OpieOP
GrammarKing
NightBat
SwiftRage
RitzMitz
DansGame
Kappa
AsianGlow
Keepo
BibleThump
BibleThump
KZskull
MrDestructoid
BibleThump
Kappa
Kreygasm
Kappa
Kreygasm
Keepo
PogChamp
Kappa
Kreygasm
Keepo
Kappa
SwiftRage
Kappa
TriHard
Keepo
MrDestructoid
DansGame
KZskull
Kreygasm
Keepo
AtGL
MrDestructoid
4Head
Kappa
Kreygasm
WTRuck
BionicBunion
Keepo
TriHard
SwiftRage
BigBrother
Kreygasm
Kreygasm
Kreygasm
TriHard
NinjaTroll
Kreygasm
BigBrother
KZskull
4Head
BibleThump
Kreygasm
<3
Kreygasm
Kreygasm
Kreygasm
Kreygasm
Kreygasm
Kreygasm
SwiftRage
MechaSupes
Kreygasm
:)
Kreygasm
DansGame
MrDestructoid
Kreygasm
Kreygasm
MechaSupes
SwiftRage
Kreygasm
Kreygasm
Kreygasm
PogChamp
PogChamp
PogChamp
PogChamp
PogChamp
PogChamp
PogChamp
PogChamp
KZskull
Kreygasm
MrDestructoid
Kreygasm
Kreygasm
BibleThump
Kappa
Kreygasm
SwiftRage
SwiftRage
Kreygasm
Kreygasm
Keepo
MrDestructoid
BibleThump
PogChamp
PogChamp
Kreygasm
SwiftRage
MrDestructoid
MechaSupes
SwiftRage
SwiftRage
BibleThump
SwiftRage
BibleThump
Kreygasm
SwiftRage
MrDestructoid
SwiftRage
PogChamp
PogChamp
PogChamp
PogChamp
FrankerZ
BibleThump
Kappa
BibleThump
MrDestructoid
SwiftRage
SwiftRage
MrDestructoid
BibleThump
MrDestructoid
Kreygasm
SwiftRage
SwiftRage
KZskull
Kreygasm
MrDestructoid
BibleThump
OneHand
PogChamp
BibleThump
BibleThump
SwiftRage
BibleThump
Volcania
PogChamp
BibleThump
BibleThump
BibleThump
BibleThump
Kreygasm
Kreygasm
Kreygasm
Kreygasm
Kreygasm
Kreygasm
MrDestructoid
EleGiggle
BibleThump
MechaSupes
BibleThump
Kreygasm
Kreygasm
Kreygasm
EleGiggle
MrDestructoid
SwiftRage
Kreygasm
Kreygasm
FrankerZ
SwiftRage
SwiftRage
FrankerZ
MechaSupes
SwiftRage
SwiftRage
SwiftRage
MrDestructoid
SwiftRage
SwiftRage
SwiftRage
OMGScoots
KZskull
SwiftRage
SwiftRage
MrDestructoid
SwiftRage
BibleThump
SwiftRage
MrDestructoid
Kappa
BibleThump
BibleThump
SwiftRage
SwiftRage
SwiftRage
MrDestructoid
SwiftRage
SwiftRage
Kreygasm
KZskull
SwiftRage
MechaSupes
Kappa
Kreygasm
SwiftRage
4Head
SwiftRage
MrDestructoid
BibleThump
SwiftRage
MrDestructoid
BibleThump
BibleThump
BibleThump
BibleThump
BibleThump
SwiftRage
SwiftRage
SwiftRage
SwiftRage
SwiftRage
SwiftRage
SwiftRage
OpieOP
SwiftRage
BibleThump
OMGScoots
SwiftRage
Keepo
Kreygasm
OMGScoots
PogChamp
:D
PogChamp
4Head
Keepo
:D
Kreygasm
PogChamp
PogChamp
Kreygasm
SwiftRage
SwiftRage
<3
KZskull
MrDestructoid
Kappa
Kreygasm
SwiftRage
MrDestructoid
SwiftRage
SwiftRage
Kreygasm
Kreygasm
MrDestructoid
SwiftRage
SwiftRage
SwiftRage
Kreygasm
MrDestructoid
SwiftRage
Kreygasm
SwiftRage
Kreygasm
MrDestructoid
MechaSupes
SwiftRage
Kappa
timMrBones
PogChamp
Kappa
PJSalt
SMOrc
SMOrc
Kappa
SwiftRage
SMOrc
SwiftRage
SwiftRage
Kappa
SwiftRage
Kappa
SwiftRage
PanicVis
SMOrc
ResidentSleeper
SwiftRage
ResidentSleeper
SwiftRage
MrDestructoid
SwiftRage
:(
PogChamp
SwiftRage
DansGame
MrDestructoid
<3
SwiftRage
TriHard
Kappa
SwiftRage
PogChamp
FailFish
SwiftRage
Kappa
Kappa
TriHard
timNotfound
PogChamp
SwiftRage
SwiftRage
TriHard
DansGame
MrDestructoid
SwiftRage
ResidentSleeper
SwiftRage
Kappa
PogChamp
UncleNox
OneHand
PogChamp
EleGiggle
EleGiggle
EleGiggle
EleGiggle
EleGiggle
EleGiggle
EleGiggle
SwiftRage
Kreygasm
Poooound
Keepo
SwiftRage
OneHand
SwiftRage
Kreygasm
SwiftRage
DansGame
SMOrc
RitzMitz
RitzMitz
RitzMitz
RitzMitz
RitzMitz
RitzMitz
RitzMitz
RitzMitz
RitzMitz
:)
:o
Kappa
BibleThump
DatSheffy
SwiftRage
PogChamp
SwiftRage
SMOrc
TheRinger
SwiftRage
MrDestructoid
FrankerZ
KZskull
SwiftRage
SwiftRage
SwiftRage
EleGiggle
SwiftRage
:)
SwiftRage
4Head
BibleThump
SwiftRage
SwiftRage
PogChamp
TriHard
TriHard
TriHard
TriHard
TriHard
TriHard
TriHard
TriHard
TriHard
TriHard
TriHard
TriHard
TriHard
MrDestructoid
Kreygasm
Kreygasm
Kreygasm
<3
Kappa
SwiftRage
SwiftRage
BloodTrail
Volcania
SwiftRage
Kappa
SwiftRage
Kappa
Kappa
Kappa
SwiftRage
KZskull
KZskull
KZskull
Keepo
BibleThump
SwiftRage
MrDestructoid
MechaSupes
Kappa
MrDestructoid
PogChamp
Kreygasm
Kappa
GG
TriHard
GrammarKing
BibleThump
Kreygasm
TriHard
CougarHunt
Kappa
FailFish
<3
<3
Kappa
TriHard
:D
Kappa
<3
TriHard
FPSMarksman
TriHard
BibleThump
Kappa
SwiftRage
KZcover
DansGame
SwiftRage
KappaHD
TriHard
EleGiggle
TF2John
Kreygasm
Kreygasm
Kreygasm
BibleThump
DansGame
SwiftRage
Kappa
TriHard
Kappa
BibleThump
DansGame
Kappa
BibleThump
BibleThump
EleGiggle
TriHard
KZskull
TriHard
TriHard
DansGame
BibleThump
TriHard
:D
timOh
tseKappa
PogChamp
PogChamp
TriHard
Kreygasm
PogChamp
Kreygasm
DansGame
Kreygasm
KZskull
Kreygasm
KZguerilla
KZskull
KZskull
KZskull
BibleThump
Kreygasm
FailFish
Kreygasm
Kreygasm
Kreygasm
Kreygasm
Kreygasm
Kreygasm
Kreygasm
SwiftRage
Kappa
Kreygasm
Kappa
TriHard
Kappa
Kreygasm
Kreygasm
Kreygasm
FailFish
Kappa
Kappa
MechaSupes
PogChamp
FailFish
PogChamp
KZguerilla
Kappa
OneHand
PogChamp
Kappa
Kappa
OneHand
PogChamp
BibleThump
ResidentSleeper
ResidentSleeper
Kreygasm
PogChamp
PogChamp
Kappa
OneHand
Kappa
PogChamp
KZskull
Keepo
BibleThump
DansGame
Kappa
:D
Kreygasm
Kappa
Kreygasm
SwiftRage
Kreygasm
PogChamp
Kreygasm
TriHard
SwiftRage
ArsonNoSexy
KZskull
O_O
Kreygasm
SwiftRage
Kreygasm
Kreygasm
Keepo
Kreygasm
Kreygasm
SwiftRage
KZskull
Kreygasm
Kappa
Kreygasm
EleGiggle
EleGiggle
Kappa
SwiftRage
MrDestructoid
<3
Kreygasm
KAPOW
TriHard
HotPokket
DansGame
DansGame
PogChamp
Kappa
Kappa
KAPOW
KZskull
Kreygasm
Kreygasm
Kreygasm
SwiftRage
BloodTrail
BrokeBack
KZskull
PogChamp
aneleanele
PogChamp
Kappa
Kappa
MrDestructoid
PogChamp
Kappa
Kappa
Kreygasm
4Head
Kappa
Kappa
Kreygasm
Kappa
Kappa
Kreygasm
PogChamp
PogChamp
PogChamp
MVGame
PogChamp
BrokeBack
BrokeBack
BrokeBack
BrokeBack
Kappa
KappaHD
BibleThump
Kreygasm
Kreygasm
Kreygasm
Kreygasm
Kreygasm
Kreygasm
Kreygasm
Kreygasm
Kreygasm
OneHand
MrDestructoid
OneHand
ResidentSleeper
MrDestructoid
ResidentSleeper
ResidentSleeper
:)
MrDestructoid
PJSalt
ResidentSleeper
ResidentSleeper
ResidentSleeper
ResidentSleeper
RitzMitz
ResidentSleeper
ResidentSleeper
SwiftRage
timNotfound
ResidentSleeper
ResidentSleeper
ResidentSleeper
ResidentSleeper
ResidentSleeper
ResidentSleeper
ResidentSleeper
ResidentSleeper
ResidentSleeper
ResidentSleeper
ResidentSleeper
ResidentSleeper
ResidentSleeper
ResidentSleeper
ResidentSleeper
ResidentSleeper
ResidentSleeper
ResidentSleeper
ResidentSleeper
ResidentSleeper
Kappa
:P
ResidentSleeper
Kreygasm
ItsBoshyTime
TooSpicy
ResidentSleeper
ResidentSleeper
Kappa
ResidentSleeper
DansGame
ResidentSleeper
ResidentSleeper
ResidentSleeper
ResidentSleeper
ResidentSleeper
ResidentSleeper
FailFish
ResidentSleeper
PJSalt
Kappa
PJSalt
ResidentSleeper
PJSalt
ResidentSleeper
ResidentSleeper
PJSalt
MrDestructoid
DansGame
Kappa
Kappa
PogChamp
FailFish
PJSalt
PJSalt
PJSalt
PJSalt
DBstyle
<3
OneHand
Kreygasm
KZskull
ResidentSleeper
DBstyle
DansGame
SwiftRage
PJSalt
MVGame
MVGame
MVGame
MVGame
MVGame
MVGame
MVGame
MVGame
MVGame
DBstyle
PogChamp
FailFish
Kreygasm
Kreygasm
Kreygasm
Kreygasm
Kreygasm
Kreygasm
OMGScoots
KZskull
DBstyle
Kreygasm
PogChamp
Kreygasm
<3
<3
<3
<3
4Head
PogChamp
Kappa
Kreygasm
DBstyle
Kappa
DansGame
MVGame
Kappa
Kreygasm
<3
OpieOP
Kreygasm
KZskull
PogChamp
PogChamp
Kreygasm
Kreygasm
MrDestructoid
Kreygasm
Kreygasm
MrDestructoid
MVGame
Kreygasm
MrDestructoid
Kreygasm
Kappa
Kreygasm
KZskull
EleGiggle
KZassault
KZguerilla
KZcover
KZhelghast
KZowl
RitzMitz
YouWHY
PipeHype
BrokeBack
aneleanele
PanicVis
Kreygasm
PogChamp
EleGiggle
MrDestructoid
Kreygasm
Kappa
KZskull
MVGame
Kreygasm
Kappa
Kreygasm
SMSkull
ResidentSleeper
Kappa
Kreygasm
MVGame
Kreygasm
BloodTrail
KZskull
BibleThump
double
Kappa
Kreygasm
Kappa
Kreygasm
Kreygasm
Kappa
DansGame
MVGame
Kreygasm
Kappa
Kappa
Kappa
Kappa
DBstyle
KZskull
MrDestructoid
DBstyle
<3
KZowl
BibleThump
DBstyle
SriHead
BibleThump
4Head
MrDestructoid
Kreygasm
TheThing
Kreygasm
Kreygasm
Kreygasm
Keepo
Jebaited
Kreygasm
Kreygasm
SMOrc
Kappa
MrDestructoid
FUNgineer
OpieOP
PazPazowitz
FailFish
ItsBoshyTime
TinyFace
FailFish
Kreygasm
UleetBackup
BibleThump
FUNgineer
TriHard
BatChest
Kreygasm
Kreygasm
KappaHD
SwiftRage
SwiftRage
Kappa
timDinero
Kappa
Kappa
KZskull
RitzMitz
baby
BatChest
Kreygasm
timBBQQT
Kreygasm
KZskull
Kappa
4Head
OMGScoots
timNotfound
Kappa
Kappa
SSSsss
Kappa
Keepo
Kreygasm
ResidentSleeper
Kappa
ResidentSleeper
ResidentSleeper
ResidentSleeper
ResidentSleeper
ResidentSleeper
ResidentSleeper
ResidentSleeper
Keepo
ResidentSleeper
ResidentSleeper
ResidentSleeper
ResidentSleeper
ResidentSleeper
ResidentSleeper
MrDestructoid
BibleThump
ResidentSleeper
ResidentSleeper
ResidentSleeper
ResidentSleeper
BrokeBack
BrokeBack
BrokeBack
BrokeBack
BrokeBack
Kappa
Kappa
Kreygasm
ResidentSleeper
Kreygasm
Kreygasm
Kreygasm
Kreygasm
Kreygasm
Kreygasm
Kreygasm
RalpherZ
ResidentSleeper
ResidentSleeper
ResidentSleeper
Keepo
AtWW
BloodTrail
Kreygasm
FrankerZ
TriHard
TheThing
<3
RuleFive
TriHard
SuperVinlin
MrDestructoid
Kappa
Kreygasm
TriHard
RitzMitz
PJSalt
TriHard
KAPOW
FailFish
DansGame
KAPOW
BibleThump
:D
BionicBunion
UnSane
TehFunrun
PogChamp
Keepo
AtWW
Kappa
Keepo
<3
MrDestructoid
Keepo
AtWW
AtIvy
Kreygasm
Kreygasm
<3
ResidentSleeper
PogChamp
Kreygasm
Kreygasm
TriHard
SwiftRage
US!
PogChamp
<3
Kreygasm
OpieOP
Kappa
TehFunrun
TriHard
KZhelghast
MrDestructoid
BibleThump
FailFish
BibleThump
4Head
<3
Kappa
MrDestructoid
BibleThump
TehFunrun
KZskull
:P
BibleThump
Kappa
SwiftRage
Kappa
<3
<3
Keepo
BibleThump
BibleThump
Kreygasm
PanicVis
Kreygasm
<3
Kappa
Kreygasm
TriHard
Keepo
:D
Kappa
TriHard
Kreygasm
BigBrother
JonCarnage
OneHand
TriHard
Kappa
Kappa
Keepo
KZskull
OneHand
MrDestructoid
Kreygasm
OneHand
Kappa
MrDestructoid
:P
:(
Kappa
OneHand
:D
Kappa
MrDestructoid
BibleThump
KZskull
OneHand
Keepo
FailFish
Kappa
Kappa
MrDestructoid
:P
Kappa
Kappa
Kappa
MrDestructoid
TriHard
MrDestructoid
PogChamp
Keepo
FrankerZ
Kreygasm
kappaDisco
Keepo
Kappa
Kreygasm
MrDestructoid
Keepo
ResidentSleeper
OpieOP
elaSaur
OpieOP
baby
TriHard
OpieOP
TriHard
HotPokket
Kappa
TriHard
FailFish
ripChu
Kappa
FailFish
PogChamp
PMSTwin
Kappa
UleetBackup
Kappa
4Head
Keepo
:(
Kappa
Kappa
BigBrother
KevinTurtle
beavBANANA
DansGame
Kreygasm
PogChamp
BigBrother
BibleThump
:(
PanicVis
Kreygasm
Keepo
KZskull
BibleThump
Keepo
MrDestructoid
:D
MrDestructoid
Kappa
DansGame
TriHard
MrDestructoid
KZskull
Kappa
EleGiggle
SwiftRage
KZskull
KappaHD
Keepo
timMrBones
Kappa
Kappa
MrDestructoid
KZskull
SwiftRage
4Head
Kappa
KappaHD
Kreygasm
Kreygasm
Kreygasm
Kreygasm
Kreygasm
Kappa
Kreygasm
MrDestructoid
ripChu
BigBrother
Kreygasm
4Head
DansGame
BORT
Kappa
DansGame
JonCarnage
PogChamp
TriHard
Kappa
Kappa
Kappa
Keepo
PogChamp
WinWaker
noScope420
beavKAPPA
ResidentSleeper
OneHand
AsianGlow
BORT
AsianGlow
GingerPower
TF2John
OneHand
WinWaker
TriHard
TriHard
Kappa
<3
<3
NightBat
MVGame
<3
TheRinger
:(
BibleThump
<3
Keepo
OpieOP
SoonerLater
Kappa
SoonerLater
Kappa
KZskull
Kappa
MrDestructoid
Kappa
BloodTrail
PazPazowitz
timBBQQT
Keepo
MrDestructoid
OptimizePrime
OneHand
Keepo
NoNoSpot
OneHand
OMGScoots
MrDestructoid
PogChamp
OMGScoots
OneHand
HassaanChop
Kappa
Kappa
Shazam
Kappa
OMGScoots
Kreygasm
OneHand
Kappa
TheTarFu
JonCarnage
:(
SwiftRage
Kreygasm
timBBQQT
FrankerZ
:(
Keepo
FrankerZ
Keepo
Kappa
Poooound
Kreygasm
:(
CougarHunt
OpieOP
Kreygasm
TheThing
Kappa
BibleThump
Kappa
FPSMarksman
PogChamp
KZskull
Kreygasm
HotPokket
TriHard
TheThing
PogChamp
TriHard
SMOrc
PogChamp
SMOrc
TheThing
Kreygasm
SMOrc
GingerPower
ResidentSleeper
KZassault
aneleanele
PogChamp
OneHand
TooSpicy
Kappa
4Head
Kreygasm
Jebaited
SMOrc
KZassault
KZskull
4Head
SMOrc
SMOrc
TheThing
TheThing
4Head
Keepo
Kappa
AsianGlow
TheThing
GrammarKing
Keepo
Kappa
MVGame
MrDestructoid
Keepo
Kappa
Kappa
Kappa
Keepo
Kreygasm
MrDestructoid
Keepo
Kappa
Keepo
Keepo
Keepo
KZskull
Kappa
Kappa
PogChamp
Kappa
Keepo
Keepo
BibleThump
MVGame
PogChamp
SwiftRage
Kappa
DansGame
Kappa
Kreygasm
Kappa
DansGame
TinyFace
MVGame
MrDestructoid
Keepo
Kappa
Kappa
PogChamp
PogChamp
Kappa
DansGame
PogChamp
Kreygasm
Kreygasm
MrDestructoid
Keepo
SriHead
BibleThump
Keepo
GingerPower
UncleNox
OpieOP
KZskull
OpieOP
BORT
Keepo
TheThing
KAPOW
Keepo
SwiftRage
BibleThump
Keepo
TooSpicy
SwiftRage
Kreygasm
SwiftRage
TinyFace
ArsonNoSexy
SwiftRage
Kreygasm
MrDestructoid
Kreygasm
BibleThump
Keepo
PanicVis
Kreygasm
Poooound
OMGScoots
OMGScoots
Jebaited
FailFish
Kreygasm
BibleThump
timDinero
Kappa
:D
Kappa
DansGame
BibleThump
BibleThump
Kappa
FailFish
MrDestructoid
Keepo
timBBQQT
Kappa
Kappa
TriHard
Kappa
Kappa
PogChamp
Kappa
Kappa
Kappa
timBBQQT
PogChamp
KappaHD
MrDestructoid
:D
PogChamp
Kreygasm
Kreygasm
Kreygasm
BigBrother
Kappa
OMGScoots
Kreygasm
<3
Kreygasm
MrDestructoid
PogChamp
GrammarKing
Kreygasm
MrDestructoid
BigBrother
BibleThump
Kreygasm
Kreygasm
DBstyle
Kreygasm
Kreygasm
MrDestructoid
DansGame
DBstyle
:D
DBstyle
NightBat
PogChamp
DBstyle
BibleThump
BibleThump
MrDestructoid
NightBat
Kappa
Kappa
BibleThump
Keepo
BibleThump
FailFish
Kappa
MrDestructoid
TriHard
TriHard
NightBat
BibleThump
Kappa
Kappa
MrDestructoid
TriHard
PogChamp
BibleThump
BibleThump
NightBat
FrankerZ
Kappa
HotPokket
KZcover
BibleThump
NightBat
FrankerZ
MrDestructoid
DatSheffy
FailFish
BibleThump
NightBat
PogChamp
Keepo
PogChamp
PogChamp
NightBat
Keepo
SwiftRage
MrDestructoid
TriHard
PogChamp
KZskull
Kappa
danScare
SwiftRage
MrDestructoid
TriHard
NightBat
PogChamp
noScope420
MrDestructoid
Kappa
Kappa
Kreygasm
Keepo
Kappa
Kappa
Kappa
NightBat
Kappa
Kappa
FailFish
PogChamp
Kappa
Kappa
Kreygasm
NightBat
SwiftRage
Kappa
Keepo
Kappa
PogChamp
TriHard
AtIvy
nmdBan
kappaDisco
MrDestructoid
KAPOW
:P
<3
<3
<3
<3
Kappa
:(
NightBat
Kappa
MrDestructoid
<3
RedCoat
SwiftRage
BibleThump
Kappa
Kappa
NightBat
Kappa
FailFish
Kreygasm
KappaHD
SwiftRage
gaaraKappa
MrDestructoid
Kappa
Kappa
PJHarley
Kappa
KAPOW
Kappa
DatSheffy
Kappa
Kappa
SwiftRage
TehFunrun
Kappa
MrDestructoid
Poooound
Kreygasm
NightBat
Kappa
FreakinStinkin
SwiftRage
TriHard
DansGame
DansGame
SwiftRage
:P
PogChamp
TriHard
danDumb
TriHard
SwiftRage
KZskull
Kreygasm
:D
PogChamp
KZskull
Kreygasm
Kappa
DansGame
MVGame
Kappa
KZskull
DansGame
MrDestructoid
DansGame
NightBat
Kappa
DansGame
Kappa
FailFish
Kappa
Kappa
Kappa
Kreygasm
PogChamp
SoonerLater
Kreygasm
PogChamp
Kappa
Kappa
TriHard
PogChamp
Kappa
KZskull
TriHard
Kreygasm
KZguerilla
BibleThump
MrDestructoid
FailFish
DansGame
NightBat
Keepo
:P
TriHard
FUNgineer
SwiftRage
DansGame
MVGame
SwiftRage
timGuest420
Kappa
Keepo
Kappa
MrDestructoid
NightBat
Kappa
ResidentSleeper
KZskull
Kappa
Kappa
Kappa
PJHarley
Kappa
NightBat
FailFish
Kappa
timOh
Kappa
NightBat
BibleThump
Keepo
Keepo
:)
NightBat
Kappa
<3
TriHard
RuleFive
KZskull
Kappa
NightBat
PJHarley
lucahTim
:
MrDestructoid
RuleFive
NightBat
Keepo
NightBat
DansGame
Kappa
SMOrc
KZskull
Kreygasm
OneHand
OneHand
Kappa
UleetBackup
Kreygasm
PJHarley
AsianGlow
Kappa
timDinero
Kappa
AsianGlow
DansGame
:(
BigBrother
PunchTrees
PJHarley
PeoplesChamp
KevinTurtle
NightBat
Kappa
BibleThump
TriHard
:(
MrDestructoid
BibleThump
RalpherZ
DansGame
PJHarley
BibleThump
timDinero
SwiftRage
PogChamp
timGuest420
BigBrother
timMrBones
PJHarley
NightBat
Keepo
TinyFace
BloodTrail
PJHarley
NightBat
:)
Kreygasm
PJHarley
Kappa
AsianGlow
TriHard
DansGame
4Head
MrDestructoid
BibleThump
:(
4Head
SMOrc
NightBat
4Head
Kappa
4Head
DansGame
4Head
4Head
BibleThump
GrammarKing
PJHarley
4Head
MrDestructoid
4Head
DansGame
Kappa
GrammarKing
4Head
PunchTrees
Kappa
DansGame
4Head
KZowl
NightBat
Keepo
DansGame
PJHarley
Kappa
BlargNaut
PogChamp
MrDestructoid
DansGame
:(
BibleThump
:)
NightBat
PogChamp
DansGame
GrammarKing
AsianGlow
MrDestructoid
DansGame
DansGame
KZskull
Kappa
Kreygasm
NightBat
PogChamp
Kappa
Kappa
FailFish
DansGame
FrankerZ
NightBat
Kappa
DansGame
MechaSupes
BibleThump
MrDestructoid
KZskull
PJHarley
FrankerZ
BigBrother
Kappa
BibleThump
EagleEye
:o
Kappa
Keepo
Kappa
:o
StrawBeary
Keepo
MrDestructoid
DansGame
4Head
DansGame
GrammarKing
Kappa
4Head
Keepo
DansGame
GingerPower
GrammarKing
BCWarrior
Kreygasm
EvilFetus
PogChamp
TheThing
cirLewd
NightBat
PogChamp
:
OneHand
PogChamp
Kappa
PJHarley
OneHand
Kappa
PogChamp
OneHand
BibleThump
Kappa
MrDestructoid
BibleThump
Kreygasm
GrammarKing
PunchTrees
TriHard
BibleThump
Kreygasm
Kappa
MrDestructoid
MVGame
PJSalt
BibleThump
Kappa
Kreygasm
Keepo
PJSalt
Kreygasm
DansGame
PJSalt
GrammarKing
WholeWheat
MVGame
Keepo
BibleThump
SwiftRage
KZskull
DansGame
PipeHype
SwiftRage
AtWW
TriHard
HotPokket
MrDestructoid
RalpherZ
BibleThump
Kreygasm
MrDestructoid
RalpherZ
Jebaited
TriHard
MrDestructoid
RalpherZ
PJSalt
PJHarley
Keepo
Kreygasm
MrDestructoid
DogFace
RalpherZ
:(
MrDestructoid
DogFace
noScope420
SoonerLater
MrDestructoid
DogFace
SoonerLater
OMGScoots
Kappa
Kappa
Kappa
Kippa
PunchTrees
:o
MrDestructoid
BibleThump
KevinTurtle
Kappa
Kreygasm
Kappa
TooSpicy
NightBat
PogChamp
OneHand
BibleThump
PJSalt
MrDestructoid
DogFace
UleetBackup
Kappa
CougarHunt
MrDestructoid
NoNoSpot
DansGame
PJHarley
MrDestructoid
NoNoSpot
BibleThump
SSSsss
HassanChop
Kappa
MrDestructoid
CougarHunt
MrDestructoid
SwiftRage
UleetBackup
NightBat
Keepo
DansGame
DansGame
GasJoker
ItsBoshyTime
MrDestructoid
CougarHunt
cirThree
Kappa
Keepo
Kappa
TooSpicy
MrDestructoid
CougarHunt
AtWW
GrammarKing
MrDestructoid
PipeHype
SuperVinlin
BCWarrior
FUNgineer
MrDestructoid
PipeHype
BatChest
Keepo
HassaanChop
DansGame
NightBat
GrammarKing
KAPOW
MrDestructoid
HotPokket
4Head
Kappa
BibleThump
SwiftRage
MrDestructoid
FrankerZ
AsianGlow
Kappa
NightBat
Kappa
PogChamp
Kappa
SoonerLater
MrDestructoid
NightBat
TriHard
DansGame
KAPOW
PMSTwin
JKanStyle
MrDestructoid
SoonerLater
DansGame
EleGiggle
Kappa
MrDestructoid
DansGame
SSSsss
OMGScoots
KevinTurtle
EleGiggle
WholeWheat
OMGScoots
MrDestructoid
FrankerZ
timDinero
MrDestructoid
FrankerZ
KZskull
BibleThump
<3
StrawBeary
Keepo
MrDestructoid
KZskull
StrawBeary
timDinero
TriHard
RuleFive
BibleThump
TriHard
MrDestructoid
TheThing
OneHand
SwiftRage
TheThing
Kreygasm
OneHand
MrDestructoid
PMSTwin
MVGame
NightBat
TriHard
NightBat
OMGScoots
timMrBones
timOh
:D
PJHarley
<3
<3
RuleFive
:D
NightBat
Kappa
TriHard
HassanChop
BibleThump
MrDestructoid
BibleThump
BrokeBack
Kreygasm
<3
Jebaited
FUNgineer
MrDestructoid
BibleThump
OpieOP
Poooound
Keepo
Keepo
MechaSupes
Kreygasm
Jebaited
Kappa
OneHand
DAESuppy
BibleThump
SoonerLater
ArsonNoSexy
<3
<3
BibleThump
SoonerLater
<3
MechaSupes
SwiftRage
EleGiggle
FailFish
TriHard
TriHard
PJHarley
<3
<3
BibleThump
MrDestructoid
AtWW
TriHard
TriHard
MechaSupes
Kappa
TriHard
<3
EleGiggle
BibleThump
<3
:(
MrDestructoid
BibleThump
NightBat
DansGame
Kreygasm
Kreygasm
OneHand
DansGame
FreakinStinkin
PJHarley
BibleThump
DansGame
EleGiggle
BibleThump
Kappa
DansGame
Volcania
RitzMitz
PJHarley
BibleThump
MechaSupes
BibleThump
BibleThump
FuzzyOtterOO
BibleThump
NightBat
ShazBotstix
4Head
BibleThump
<3
Kappa
MechaSupes
BibleThump
SwiftRage
GrammarKing
RuleFive
DogFace
ResidentSleeper
DogFace
RedCoat
MrDestructoid
SSSsss
SSSsss
GrammarKing
TriHard
WholeWheat
BibleThump
timGuest420
DansGame
MrDestructoid
SwiftRage
timGuest420
TriHard
KZhelghast
DansGame
AtIvy
NightBat
<3
SwiftRage
DatSheffy
Kappa
TriHard
Kappa
DatSheffy
BionicBunion
Kappa
KZskull
FrankerZ
SMOrc
PanicVis
TriHard
MrDestructoid
EleGiggle
NinjaTroll
PipeHype
<3
Kappa
MrDestructoid
FrankerZ
DatSheffy
BionicBunion
PazPazowitz
OneHand
Kappa
FrankerZ
FreakinStinkin
OneHand
Kreygasm
PJHarley
PipeHype
DogFace
Kreygasm
JonCarnage
Kappa
DatSheffy
<3
<3
BibleThump
FailFish
timDinero
Kappa
Kappa
WinWaker
DBstyle
DatSheffy
Kappa
BionicBunion
StoneLightning
SwiftRage
RalpherZ
DansGame
FUNgineer
GrammarKing
Kappa
SuperVinlin
NightBat
HotPokket
SwiftRage
ResidentSleeper
RalpherZ
GrammarKing
MVGame
ShazBotstix
Kreygasm
PogChamp
MrDestructoid
FrankerZ
nmdBigoKappa
Kappa
Kappa
Kappa
Kappa
FrankerZ
Kappa
Kappa
Kreygasm
FrankerZ
RalpherZ
Kappa
Kappa
PJHarley
Kappa
Kreygasm
Keepo
MrDestructoid
BrokeBack
Keepo
DogFace
Kappa
BrokeBack
Kappa
NoNoSpot
timBBQQT
Kappa
TriHard
PJHarley
Kreygasm
<3
OptimizePrime
Kappa
PJHarley
<3
Kreygasm
ResidentSleeper
HassaanChop
o_o
SMSkull
BrokeBack
Keepo
ResidentSleeper
Kreygasm
PJHarley
:D
NightBat
Kreygasm
BibleThump
ItsBoshyTime
Keepo
NightBat
PogChamp
BibleThump
AtIvy
WholeWheat
NightBat
Kreygasm
PJHarley
timNotfound
BibleThump
FPSMarksman
Kappa
Kappa
SwiftRage
KAPOW
PJHarley
SMSkull
Kappa
TF2John
NightBat
:)
TheTarFu
BibleThump
BibleThump
DatSheffy
BibleThump
NightBat
Kappa
Kreygasm
MrDestructoid
PogChamp
noScope420
Keepo
TriHard
MrDestructoid
TriHard
SSSsss
NightBat
DatSheffy
BibleThump
timBBQQT
MrDestructoid
MechaSupes
SwiftRage
timBBQQT
MechaSupes
Kreygasm
PogChamp
Kappa
EleGiggle
RalpherZ
RalpherZ
RalpherZ
RalpherZ
RalpherZ
RalpherZ
RalpherZ
RalpherZ
PogChamp
NightBat
Kappa
PJHarley
Kreygasm
PJHarley
Kreygasm
PJHarley
Kreygasm
PJHarley
Kreygasm
Kappa
MrDestructoid
Kreygasm
EleGiggle
EleGiggle
PogChamp
MrDestructoid
Keepo
Kappa
Kappa
MechaSupes
Kappa
PJHarley
BibleThump
TinyFace
Kappa
PogChamp
BibleThump
AtGL
DansGame
PogChamp
Kappa
Kappa
PogChamp
MechaSupes
Kreygasm
PJHarley
NightBat
MrDestructoid
MrDestructoid
Kappa
MrDestructoid
PJHarley
Kappa
Keepo
TriHard
MrDestructoid
NightBat
PogChamp
TriHard
FrankerZ
Kappa
Kappa
MrDestructoid
Keepo
gunKappa
Kappa
Kappa
Kappa
Keepo
MechaSupes
Kappa
:D
PJHarley
BibleThump
BibleThump
Kappa
PJHarley
Kreygasm
:D
BibleThump
Keepo
JKanStyle
PJHarley
BibleThump
Kappa
Kappa
NightBat
DansGame
Kappa
BibleThump
Kappa
PJHarley
BloodTrail
MechaSupes
Kreygasm
MrDestructoid
Keepo
Kappa
Kappa
Kappa
wolvpacBagger
Kreygasm
Kappa
Kappa
PJHarley
Kreygasm
wolvpacBagger
NightBat
MrDestructoid
Keepo
Keepo
Kappa
Kappa
Kappa
PJHarley
:D
BloodTrail
timBBQQT
MrDestructoid
Poooound
BibleThump
BibleThump
PJHarley
Kreygasm
<3
Kappa
NightBat
PogChamp
DatSheffy
DansGame
Kappa
Kreygasm
PJHarley
SwiftRage
Kreygasm
Kappa
PJHarley
Kappa
Kreygasm
NightBat
Kappa
PJHarley
PJHarley
DansGame
Kappa
Kappa
SwiftRage
PogChamp
MrDestructoid
BibleThump
Kappa
PJHarley
Kappa
NightBat
Kappa
MrDestructoid
Keepo
Keepo
:P
<3
Keepo
Kappa
PJHarley
:P
MechaSupes
Kreygasm
MrDestructoid
Keepo
PJHarley
<3
Kappa
MrDestructoid
Kappa
PJHarley
Kappa
Kappa
Kreygasm
MrDestructoid
Keepo
Keepo
SMOrc
FuzzyOtterOO
Kappa
DatSheffy
Volcania
<3
<3
<3
<3
MrDestructoid
Keepo
Kreygasm
Kappa
PJHarley
NightBat
Kappa
SwiftRage
SwiftRage
MechaSupes
SwiftRage
PJHarley
SwiftRage
PJHarley
NightBat
Kreygasm
Kappa
MrDestructoid
Keepo
MechaSupes
Volcania
Keepo
Volcania
Kreygasm
Kappa
PJHarley
NightBat
:(
MechaSupes
Kappa
MrDestructoid
Keepo
PogChamp
SwiftRage
Keepo
BibleThump
BibleThump
BibleThump
BibleThump
Kappa
NightBat
BibleThump
BibleThump
MrDestructoid
Keepo
BibleThump
NightBat
BibleThump
BibleThump
PJHarley
:(
MrDestructoid
Keepo
NightBat
BibleThump
:
timBBQQT
BibleThump
NightBat
Kappa
MrDestructoid
Keepo
BibleThump
Kappa
Kappa
BibleThump
<3
NightBat
BibleThump
Kreygasm
PogChamp
Keepo
:D
Kreygasm
Kreygasm
TriHard
TriHard
ResidentSleeper
Kappa
TriHard
PogChamp
MrDestructoid
Keepo
Kreygasm
Kappa
BORT
Kreygasm
MechaSupes
Kappa
Kappa
FrankerZ
NightBat
SwiftRage
BORT
TheRinger
Kappa
DansGame
MrDestructoid
BibleThump
NightBat
SwiftRage
Kreygasm
Kappa
Kappa
MrDestructoid
MrDestructoid
MechaSupes
Keepo
PogChamp
NightBat
Kappa
MrDestructoid
Keepo
NightBat
PogChamp
Kappa
NightBat
Kappa
Kappa
NightBat
PogChamp
TriHard
MechaSupes
NinjaTroll
Kappa
BloodTrail
MrDestructoid
NightBat
Kappa
MrDestructoid
Kappa
Kappa
MechaSupes
Kappa
MrDestructoid
Keepo
Keepo
Kappa
Keepo
TriHard
MrDestructoid
DansGame
NightBat
Kappa
TriHard
shazamicon
TriHard
MechaSupes
DansGame
Kappa
OMGScoots
noScope420
DansGame
NightBat
Kappa
TriHard
Jebaited
MrDestructoid
OneHand
BibleThump
MrDestructoid
TriHard
Kappa
KZassault
TriHard
timDinero
MrDestructoid
Kappa
KZhelghast
Kappa
NightBat
Kreygasm
BibleThump
BibleThump
Kappa
Keepo
SSSsss
FrankerZ
timBBQQT
DBstyle
TriHard
PicoMause
FrankerZ
GrammarKing
ItsBoshyTime
DBstyle
RitzMitz
Kappa
Kappa
OMGScoots
DBstyle
BibleThump
RuleFive
MrDestructoid
MVGame
NightBat
NightBat
SwiftRage
4Head
MrDestructoid
4Head
PogChamp
MrDestructoid
4Head
4Head
UncleNox
Kappa
4Head
Kreygasm
ThunBeast
NightBat
SwiftRage
PogChamp
MVGame
MVGame
ArsonNoSexy
4Head
ArsonNoSexy
SMSkull
Keepo
Kappa
MrDestructoid
TriHard
4Head
AtWW
Kappa
Kreygasm
PJHarley
MrDestructoid
Kappa
:
Keepo
4Head
OneHand
PJHarley
OneHand
GrammarKing
Keepo
NightBat
Kappa
TriHard
MrDestructoid
NightBat
DansGame
BibleThump
MiniK
SwiftRage
MiniK
Kappa
Kreygasm
NightBat
Kappa
MiniK
Kappa
MiniK
MrDestructoid
Keepo
PJHarley
Kappa
NightBat
DansGame
PJHarley
Keepo
MrDestructoid
Keepo
PJHarley
MechaSupes
Kreygasm
Kappa
PogChamp
FailFish
Keepo
PJHarley
Kappa
Kappa
Kappa
PJHarley
MrDestructoid
<3
Kreygasm
SwiftRage
Kreygasm
PJHarley
BibleThump
Kreygasm
NightBat
PogChamp
:D
BibleThump
BibleThump
Kappa
PogChamp
Kappa
timBBQQT
PJHarley
Keepo
MrDestructoid
Kappa
PJHarley
GasJoker
AtGL
PJHarley
DansGame
PJHarley
TriHard
TriHard
WinWaker
GasJoker
PJHarley
PJHarley
PogChamp
TriHard
FrankerZ
MechaSupes
DansGame
MrDestructoid
Kreygasm
PJHarley
FrankerZ
DansGame
Kappa
FailFish
MrDestructoid
ResidentSleeper
Kappa
OpieOP
NightBat
BibleThump
MrDestructoid
Keepo
Kreygasm
SwiftRage
timMrBones
:P
Kappa
Kappa
Keepo
PJHarley
PJHarley
<3
timMrBones
timOh
MrDestructoid
PJHarley
<3
DansGame
FailFish
SwiftRage
Kappa
PogChamp
NightBat
Kappa
Kappa
BibleThump
Kappa
BibleThump
Kappa
Keepo
Keepo
Kreygasm
PJHarley
BibleThump
Kappa
NightBat
PogChamp
Kappa
Kappa
Kappa
Kreygasm
PJHarley
Kappa
BibleThump
Kreygasm
Kreygasm
SwiftRage
BibleThump
Kreygasm
Kappa
NightBat
Kappa
Kappa
SwiftRage
NightBat
Kappa
FrankerZ
Kappa
4Head
NightBat
PogChamp
Kappa
Kappa
FrankerZ
Kappa
Kappa
Kappa
FrankerZ
Keepo
Kappa
PJHarley
NightBat
DansGame
Kappa
Kreygasm
PJHarley
Kreygasm
PogChamp
Kreygasm
Kreygasm
Kreygasm
FrankerZ
Kappa
Kreygasm
Kreygasm
Kappa
Keepo
Kreygasm
MrDestructoid
FrankerZ
Kappa
Kreygasm
Kreygasm
Kreygasm
NightBat
Kappa
SwiftRage
FrankerZ
Kreygasm
FrankerZ
Kappa
WTRuck
Kappa
Kappa
SoonerLater
KevinTurtle
MrDestructoid
Keepo
MrDestructoid
NightBat
Kappa
Kappa
Kappa
Kappa
timMrBones
FrankerZ
Kappa
Kappa
Keepo
Kappa
Kappa
DansGame
FailFish
Keepo
Kappa
Kreygasm
MrDestructoid
EleGiggle
:D
Kreygasm
TriHard
DansGame
MrDestructoid
:)
NightBat
Kreygasm
Kappa
Kappa
NightBat
Kappa
MrDestructoid
DansGame
Kappa
NightBat
Kappa
DansGame
Kappa
Kappa
MrDestructoid
Keepo
:)
NightBat
:
MrDestructoid
NightBat
Kappa
Keepo
Kappa
Kappa
MrDestructoid
NightBat
Kappa
Kappa
MechaSupes
PogChamp
MrDestructoid
Kappa
Kappa
NightBat
DatSheffy
BCWarrior
BCWarrior
BCWarrior
BCWarrior
BCWarrior
Volcania
SwiftRage
MrDestructoid
EleGiggle
Keepo
NightBat
Kappa
Kappa
BibleThump
PJHarley
NightBat
EleGiggle
EleGiggle
EleGiggle
EleGiggle
EleGiggle
EleGiggle
EleGiggle
EleGiggle
BibleThump
MrDestructoid
Kappa
DansGame
SwiftRage
MrDestructoid
Kappa
Kappa
Kappa
Kappa
FailFish
:)
Kappa
NightBat
DansGame
Kappa
PJHarley
MrDestructoid
Kreygasm
FailFish
FailFish
KappaHD
Keepo
SSSsss
Kappa
KZskull
NightBat
MrDestructoid
Kappa
Kappa
Kappa
DansGame
Kappa
MrDestructoid
TriHard
NightBat
Kappa
NightBat
SwiftRage
Kappa
Kappa
PJHarley
Kreygasm
MrDestructoid
Kappa
Kappa
Keepo
Kappa
SwiftRage
SwiftRage
MrDestructoid
TriHard
PJHarley
PogChamp
Keepo
DBstyle
HassanChop
DansGame
PJHarley
<3
SwiftRage
Kappa
NightBat
BibleThump
DansGame
Kreygasm
Kreygasm
Kreygasm
Kreygasm
PJHarley
Kreygasm
Kreygasm
Kappa
PipeHype
PogChamp
PJHarley
Kappa
Kreygasm
timGuest420
KZskull
NightBat
PJHarley
ItsBoshyTime
Kappa
FUNgineer
NightBat
Keepo
<3
FuzzyOtterOO
MrDestructoid
EleGiggle
Kreygasm
Kappa
PJHarley
Kreygasm
R)
Kreygasm
DansGame
NightBat
SwiftRage
Kreygasm
Kappa
MrDestructoid
Keepo
Kappa
PJHarley
EleGiggle
BrokeBack
NightBat
MVGame
timDinero
PJHarley
PogChamp
Kappa
PogChamp
MrDestructoid
Keepo
Kreygasm
RitzMitz
BrainSlug
Kappa
Keepo
MVGame
MVGame
MVGame
NightBat
Kappa
TriHard
RuleFive
RuleFive
RuleFive
RuleFive
RuleFive
RuleFive
RuleFive
RuleFive
Kreygasm
AtIvy
EleGiggle
PJHarley
<3
Kappa
MrDestructoid
DansGame
timOh
PJHarley
<3
NightBat
BibleThump
timBBQQT
MrDestructoid
DansGame
PJHarley
PJHarley
MrDestructoid
:(
Keepo
Kappa
MrDestructoid
NightBat
Kappa
Keepo
EleGiggle
OneHand
Kreygasm
Kappa
NightBat
Kappa
PJHarley
Kappa
PogChamp
MrDestructoid
Keepo
PJHarley
DansGame
Kappa
MrDestructoid
Kreygasm
Kappa
Kappa
Kreygasm
Kappa
NightBat
Kappa
PJHarley
Kappa
PJHarley
NightBat
PogChamp
Kappa
NightBat
BibleThump
MrDestructoid
Keepo
RitzMitz
NightBat
Kappa
MrDestructoid
Keepo
NightBat
<3
Keepo
Kreygasm
RitzMitz
NightBat
MrDestructoid
Kreygasm
PJHarley
EleGiggle
MechaSupes
PogChamp
NightBat
Kreygasm
MrDestructoid
Kappa
Keepo
:(
Kappa
AtIvy
DansGame
EleGiggle
MrDestructoid
BibleThump
PogChamp
NightBat
BibleThump
BibleThump
EleGiggle
MrDestructoid
BibleThump
BibleThump
4Head
DansGame
Kappa
NightBat
SMOrc
Kreygasm
SwiftRage
:)
Kreygasm
PogChamp
4Head
Kappa
4Head
SMOrc
DansGame
PJHarley
Keepo
MrDestructoid
BloodTrail
Kappa
NightBat
DansGame
DansGame
Kappa
MrDestructoid
Keepo
BibleThump
BibleThump
BloodTrail
DansGame
Kappa
:(
NightBat
BloodTrail
BloodTrail
PogChamp
Kappa
4Head
Keepo
MrDestructoid
Keepo
shazamicon
NightBat
DansGame
4Head
Kreygasm
PogChamp
NightBat
PogChamp
MrDestructoid
Kappa
:)
Keepo
Kappa
Kappa
TriHard
Keepo
Keepo
Kreygasm
NightBat
PogChamp
Kappa
MrDestructoid
BibleThump
Kappa
Kappa
PogChamp
SwiftRage
SwiftRage
SwiftRage
SwiftRage
SwiftRage
NightBat
Kappa
Kappa
PogChamp
Kappa
TriHard
NightBat
Kappa
PJHarley
Keepo
Kappa
Keepo
Keepo
<3
EleGiggle
PJHarley
<3
PJHarley
:D
ResidentSleeper
Kappa
NightBat
Kreygasm
PJHarley
NightBat
PogChamp
PogChamp
PogChamp
PogChamp
PogChamp
PogChamp
PogChamp
PogChamp
ResidentSleeper
Kreygasm
Kappa
Kreygasm
PogChamp
BloodTrail
Keepo
PJHarley
PogChamp
DansGame
PJHarley
OpieOP
Kreygasm
MechaSupes
PogChamp
<3
<3
Kreygasm
Kreygasm
RitzMitz
RitzMitz
RitzMitz
RitzMitz
RitzMitz
RitzMitz
Kreygasm
4Head
<3
<3
EleGiggle
MechaSupes
Kappa
PogChamp
4Head
Kreygasm
4Head
4Head
PogChamp
MrDestructoid
4Head
<3
Kappa
PJHarley
<3
PogChamp
Kreygasm
<3
DansGame
Volcania
PogChamp
Kappa
FailFish
Volcania
Volcania
Volcania
Volcania
Volcania
Volcania
Volcania
Kappa
Kappa
Kappa
Kappa
Kreygasm
PJHarley
BloodTrail
Volcania
MrDestructoid
NightBat
PJHarley
Volcania
TriHard
PogChamp
Volcania
Volcania
Volcania
Volcania
NightBat
SMOrc
PogChamp
PJHarley
DatSheffy
PogChamp
MrDestructoid
PJHarley
:(
Volcania
TriHard
PJHarley
Volcania
:o
MrDestructoid
Keepo
PogChamp
PJHarley
:D
TriHard
PJHarley
NightBat
<3
MrDestructoid
TriHard
NightBat
Keepo
Kappa
Kappa
SwiftRage
Keepo
NightBat
Kappa
<3
Kappa
NightBat
Kappa
Kappa
PJHarley
NightBat
Kappa
Kappa
NightBat
PogChamp
PJHarley
Kreygasm
Kappa
Kreygasm
NightBat
Kreygasm
Kreygasm
:D
Volcania
Kreygasm
Kreygasm
PogChamp
NightBat
<3
TriHard
Kreygasm
Kreygasm
TriHard
Kappa
Kappa
BlargNaut
Kappa
MrDestructoid
Keepo
PJHarley
<3
<3
RalpherZ
NightBat
Kreygasm
Kappa
Keepo
NightBat
DansGame
SwiftRage
Kappa
MrDestructoid
Keepo
Volcania
NightBat
Kappa
DansGame
Kreygasm
NightBat
Kappa
MrDestructoid
NightBat
Kappa
Kappa
Kappa
MechaSupes
Kreygasm
:)
NightBat
Kappa
Kappa
PJHarley
MechaSupes
<3
<3
PJHarley
KAPOW
PJHarley
Kreygasm
PJHarley
BloodTrail
<3
PicoMause
Jebaited
MechaSupes
Kreygasm
Kreygasm
FailFish
Keepo
Kreygasm
PJHarley
:o
PogChamp
PJHarley
:
MechaSupes
PogChamp
ResidentSleeper
MechaSupes
<3
Kappa
:
Kappa
Kappa
PJHarley
Kappa
GG
NightBat
Kappa
Kreygasm
BibleThump
PJHarley
BigBrother
<3
RuleFive
Kappa
NightBat
PJHarley
>(
MechaSupes
Kappa
PJHarley
Kappa
Kappa
Kreygasm
TriHard
PJHarley
Kreygasm
Kreygasm
Volcania
MechaSupes
PogChamp
Kappa
SwiftRage
GG
Volcania
Volcania
PJHarley
FailFish
MechaSupes
Kreygasm
PJHarley
Kappa
Kappa
TriHard
Kreygasm
Kreygasm
Volcania
Volcania
Kappa
PJHarley
Kappa
NightBat
<3
NightBat
BibleThump
Kreygasm
MechaSupes
BibleThump
NightBat
Kreygasm
PJHarley
Kappa
4Head
PJHarley
Kappa
:o
BibleThump
BibleThump
DansGame
:P
Kappa
PogChamp
Kreygasm
PJHarley
Kreygasm
:D
Kappa
KZskull
FailFish
FailFish
SwiftRage
:D
Kreygasm
FailFish
PERFECT
Kreygasm
Kreygasm
Kappa
KZskull
:D
Kreygasm
OpieOP
Kappa
Keepo
PipeHype
OpieOP
noScope420
DansGame
OpieOP
:P
Kappa
PogChamp
Kreygasm
MVGame
FrankerZ
PogChamp
Kreygasm
Kappa
Keepo
OpieOP
EleGiggle
OpieOP
:(
:D
Keepo
Kreygasm
BibleThump
Kreygasm
:(
BibleThump
Kappa
Kreygasm
Kappa
SwiftRage
MrDestructoid
BCWarrior
Kappa
Keepo
SMOrc
ShazBotstix
<3
ResidentSleeper
Kappa
MechaSupes
Kappa
Keepo
:(
DansGame
Kappa
Kappa
SSSsss
HotPokket
Kappa
Kappa
SwiftRage
:P
Kappa
PogChamp
Keepo
FailFish
timMrBones
BibleThump
Kappa
PogChamp
FailFish
:P
Keepo
FailFish
Kappa
DansGame
Kappa
Keepo
Kappa
:(
Kreygasm
:
SwiftRage
SwiftRage
SwiftRage
SwiftRage
SwiftRage
SwiftRage
SwiftRage
SwiftRage
SwiftRage
SwiftRage
SwiftRage
SwiftRage
SwiftRage
TheRinger
Kappa
Kappa
Kappa
Kappa
Kappa
Kappa
Kappa
FailFish
Kappa
:D
Kappa
Kappa
:P
Kappa
Kappa
Kappa
Kappa
Kappa
SwiftRage
SwiftRage
Keepo
:(
:D
Keepo
>(
Kappa
Kappa
Keepo
Keepo
KZskull
KZskull
KZskull
KZskull
Kappa
Keepo
Kappa
Kappa
PogChamp
KappaHD
KappaHD
Kappa
Kappa
Kappa
PogChamp
Kreygasm
PogChamp
Volcania
Kreygasm
Kreygasm
Volcania
Volcania
Volcania
Volcania
Volcania
Volcania
Volcania
Volcania
Kappa
Kappa
Kappa
FailFish
PogChamp
Kappa
Kappa
Kappa
Kappa
Kreygasm
SwiftRage
Volcania
Volcania
Volcania
Volcania
Volcania
Volcania
Kappa
:(
double
BloodTrail
Keepo
BibleThump
:(
:)
Kreygasm
PogChamp
timDinero
timDinero
timDinero
Kappa
Kappa
O_O
:(
:)
timBBQQT
:)
DansGame
Keepo
Kreygasm
timBBQQT
:)
timBBQQT
:)
Kreygasm
timOh
:)
Kappa
Keepo
Kappa
OneHand
Kappa
Kappa
KappaHD
KappaHD
Kappa
:p
OneHand
timGuest420
BibleThump
Kappa
DansGame
BibleThump
DatSheffy
BloodTrail
OneHand
PicoMause
PogChamp
Kappa
SoBayed
PogChamp
Kappa
Keepo
Kappa
Keepo
;)
FrankerZ
PogChamp
EleGiggle
PogChamp
PogChamp
OMGScoots
PipeHype
<3
MVGame
BibleThump
EagleEye
:(
PogChamp
AtWW
4Head
OneHand
Kreygasm
timOh
TinyFace
OneHand
ThunBeast
Kappa
Keepo
Kippa
RalpherZ
<3
BibleThump
KZowl
DansGame
RedCoat
<3
TehFunrun
SwiftRage
PogChamp
OneHand
BCWarrior
DansGame
BibleThump
TooSpicy
SMOrc
SMOrc
:(
ResidentSleeper
SMSkull
Kappa
Kappa
WTRuck
PogChamp
PogChamp
Keepo
DansGame
DansGame
Keepo
Kappa
Kappa
BionicBunion
:)
FailFish
BionicBunion
<3
Kappa
TheRinger
BionicBunion
NinjaTroll
PogChamp
ArsonNoSexy
<3
BionicBunion
<3
Kappa
TriHard
PJHarley
PogChamp
;)
Keepo
Kappa
:)
Kappa
:D
Kappa
MiniK
PJSalt
TehFunrun
PJSalt
TheTarFu
Keepo
PogChamp
OneHand
Kreygasm
Kappa
4Head
4Head
NoNoSpot
SSSsss
<3
BCWarrior
PMSTwin
MVGame
KZassault
:P
Kappa
ResidentSleeper
ResidentSleeper
BibleThump
BibleThump
<3
AsianGlow
PogChamp
PogChamp
Kappa
Kappa
ResidentSleeper
NightBat
Kappa
NightBat
NightBat
NightBat
ResidentSleeper
DansGame
Kreygasm
DansGame
ResidentSleeper
Keepo
NightBat
FailFish
:(
PERFECT
PogChamp
BibleThump
PogChamp
NightBat
PogChamp
NightBat
<3
Kappa
NightBat
Kappa
:(
Kreygasm
KZassault
Kappa
Kreygasm
Keepo
Kappa
Kappa
NightBat
Kreygasm
:(
PogChamp
Kreygasm
PogChamp
NightBat
Kappa
:(
Kreygasm
O_O
EleGiggle
Kreygasm
Kreygasm
Kreygasm
Kappa
Kappa
Keepo
PogChamp
timMrBones
Kappa
Kappa
PogChamp
Kappa
:P
Kappa
BibleThump
PogChamp
:)
Kappa
EleGiggle
NightBat
Kappa
:P
NightBat
O_O
NightBat
PogChamp
Kappa
Kappa
DansGame
:D
NightBat
Kappa
Kappa
Kappa
RedCoat
Kappa
NightBat
Keepo
Kappa
NightBat
Kappa
Kappa
NightBat
Kappa
Kreygasm
Kreygasm
Kreygasm
Kappa
Kreygasm
Kappa
Kreygasm
Kappa
Kappa
NightBat
DansGame
Kreygasm
DansGame
baby
:P
PogChamp
Kappa
TheRinger
Kreygasm
Kappa
Kappa
RalpherZ
NightBat
DansGame
GrammarKing
Kappa
4Head
PogChamp
Kappa
NightBat
timMrBones
Kappa
SwiftRage
KappaHD
NightBat
Kappa
Kreygasm
DansGame
Kreygasm
DansGame
Kreygasm
Kappa
Kreygasm
DansGame
FailFish
NightBat
DansGame
NightBat
Kappa
Kappa
Kreygasm
Kappa
Kappa
Keepo
Kappa
NightBat
Kappa
Kappa
NightBat
Keepo
Keepo
KappaHD
Kappa
PogChamp
Kreygasm
NightBat
PogChamp
DansGame
Kappa
Kreygasm
TriHard
:o
nmdJJ
Kappa
MVGame
Kappa
Kappa
EleGiggle
Kappa
Kappa
Kappa
KappaHD
Kappa
Kappa
DansGame
MVGame
NightBat
Kappa
PogChamp
NightBat
PogChamp
PogChamp
PogChamp
Kappa
OneHand
NightBat
Kappa
OneHand
PogChamp
SwiftRage
PMSTwin
OneHand
KappaHD
MVGame
SoonerLater
Kreygasm
GingerPower
SwiftRage
TriHard
OneHand
:(
BibleThump
Keepo
:P
Kreygasm
PazPazowitz
:(
BibleThump
Kappa
BibleThump
EleGiggle
EleGiggle
Kappa
NightBat
Keepo
Kappa
Kappa
NightBat
Kreygasm
Kappa
Kappa
NightBat
Kappa
Kappa
EleGiggle
ResidentSleeper
WinWaker
Kappa
PogChamp
4Head
PogChamp
Kappa
Kappa
Kreygasm
PogChamp
BionicBunion
Kreygasm
Keepo
Kappa
KAPOW
NightBat
DansGame
Kappa
Kappa
JonCarnage
Kappa
TriHard
KZskull
DansGame
KZguerilla
Kappa
DansGame
Kappa
SSSsss
MechaSupes
Kappa
Kappa
NightBat
Kappa
Kappa
Kappa
KZcover
MechaSupes
OMGScoots
PogChamp
Kappa
NightBat
:P
FailFish
Kappa
AsianGlow
Kappa
Kreygasm
KevinTurtle
YouWHY
Kappa
ResidentSleeper
SSSsss
NightBat
PogChamp
Kappa
UnSane
NightBat
Kappa
Kappa
noScope420
Kappa
Kappa
ShazBotstix
Kappa
SMSkull
Kappa
BionicBunion
Kappa
Kappa
Kappa
BibleThump
TheRinger
NightBat
Kappa
Kappa
Kappa
OneHand
Kappa
Kappa
DBstyle
FailFish
DBstyle
UncleNox
Kappa
Kappa
Kappa
DBstyle
DBstyle
DBstyle
DBstyle
DBstyle
Kappa
Kappa
DBstyle
DBstyle
DBstyle
Kreygasm
JKanStyle
TooSpicy
DBstyle
TheRinger
DBstyle
DBstyle
Kappa
UncleNox
SoBayed
DBstyle
DBstyle
TriHard
KZguerilla
DBstyle
DansGame
GingerPower
DBstyle
noScope420
DBstyle
DBstyle
SSSsss
Kappa
DBstyle
OMGScoots
Kappa
DBstyle
NightBat
Kappa
Kappa
DBstyle
DBstyle
Keepo
NightBat
Kappa
NightBat
DBstyle
Kappa
DBstyle
DBstyle
DansGame
DBstyle
OneHand
DBstyle
FuzzyOtterOO
DBstyle
NightBat
PogChamp
Kreygasm
Kappa
PogChamp
PogChamp
Volcania
Volcania
PogChamp
Kreygasm
ResidentSleeper
NightBat
PogChamp
Kappa
PogChamp
Kappa
Keepo
Kappa
Kreygasm
BibleThump
NightBat
BloodTrail
SMOrc
SSSsss
Keepo
BibleThump
GG
BibleThump
PogChamp
Kappa
GG
Kappa
BibleThump
NightBat
SMOrc
SMOrc
PogChamp
>(
BibleThump
Kappa
Kappa
BibleThump
BibleThump
BibleThump
Volcania
OneHand
OneHand
OneHand
PogChamp
BibleThump
BibleThump
BibleThump
OneHand
DansGame
OpieOP
FuzzyOtterOO
OneHand
:o
BibleThump
BibleThump
PogChamp
EvilFetus
Keepo
:(
BibleThump
BibleThump
BibleThump
WTRuck
BibleThump
BibleThump
OneHand
OneHand
FrankerZ
:)
BibleThump
Kappa
OpieOP
RuleFive
Kappa
BibleThump
Kappa
:)
:D
Kappa
BibleThump
NightBat
SwiftRage
Kappa
Kappa
Kappa
DansGame
Kappa
Kappa
Kappa
PogChamp
DansGame
Kappa
Kappa
Kappa
OneHand
timGuest420
Kreygasm
Kappa
Kreygasm
:(
Kreygasm
TriHard
Kappa
Kappa
Kappa
Kappa
Kappa
Kappa
Keepo
Kappa
Kappa
OneHand
danHype
Kappa
BORT
Keepo
KZskull
RuleFive
Kappa
Kappa
FPSMarksman
JonCarnage
Kappa
Kappa
RitzMitz
Kappa
Kappa
TooSpicy
Keepo
Kappa
Kappa
Kappa
FailFish
PogChamp
timMrBones
Kappa
BibleThump
Kappa
KappaHD
Kappa
Kappa
Kappa
GasJoker
Kippa
Kreygasm
SMSkull
Kappa
Kappa
o_o
Kappa
Kappa
Kappa
BCWarrior
PogChamp
timMrBones
Kappa
NightBat
Kreygasm
Kappa
FPSMarksman
BibleThump
Kappa
PazPazowitz
Kappa
Kappa
BORT
PJSalt
4Head
Kappa
BibleThump
BORT
PogChamp
Kappa
Kippa
PogChamp
Jebaited
lucahTim
:
PogChamp
<3
:)
BloodTrail
Kappa
BibleThump
BibleThump
Kappa
BloodTrail
Kappa
Kappa
Kappa
timMrBones
BloodTrail
Kappa
BloodTrail
BloodTrail
BloodTrail
inverse
Kappa
SwiftRage
Keepo
timNotfound
timNotfound
Kappa
NightBat
timBBQQT
Kappa
Kappa
Kappa
PazPazowitz
UleetBackup
inverse
:P
NightBat
NightBat
Kappa
Kappa
Kappa
Kappa
Kappa
Kappa
Kappa
Kappa
OMGScoots
Kappa
Keepo
Kappa
<3
NightBat
:)
Kappa
NightBat
NightBat
Kappa
NightBat
Kappa
Kappa
NightBat
FailFish
Kappa
timMrBones
NightBat
Kappa
Kappa
Kappa
Kappa
Kappa
Kappa
Kappa
Kappa
Kappa
Kappa
Kappa
NightBat
NightBat
:o
BibleThump
Kappa
Kappa
Kappa
Kappa
